21-Nov-2025 10:28:19.819 INFO [main] org.apache.catalina.startup.VersionLoggerListener.log Server version name:   Apache Tomcat/9.0.111
21-Nov-2025 10:28:19.821 INFO [main] org.apache.catalina.startup.VersionLoggerListener.log Server built:          Oct 10 2025 14:13:20 UTC
21-Nov-2025 10:28:19.821 INFO [main] org.apache.catalina.startup.VersionLoggerListener.log Server version number: 9.0.111.0
21-Nov-2025 10:28:19.821 INFO [main] org.apache.catalina.startup.VersionLoggerListener.log OS Name:               Linux
21-Nov-2025 10:28:19.821 INFO [main] org.apache.catalina.startup.VersionLoggerListener.log OS Version:            6.5.0-35-generic
21-Nov-2025 10:28:19.821 INFO [main] org.apache.catalina.startup.VersionLoggerListener.log Architecture:          amd64
21-Nov-2025 10:28:19.821 INFO [main] org.apache.catalina.startup.VersionLoggerListener.log Java Home:             /usr/lib/jvm/java-8-openjdk-amd64/jre
21-Nov-2025 10:28:19.822 INFO [main] org.apache.catalina.startup.VersionLoggerListener.log JVM Version:           1.8.0_402-8u402-ga-2ubuntu1~22.04-b06
21-Nov-2025 10:28:19.822 INFO [main] org.apache.catalina.startup.VersionLoggerListener.log JVM Vendor:            Private Build
21-Nov-2025 10:28:19.822 INFO [main] org.apache.catalina.startup.VersionLoggerListener.log CATALINA_BASE:         /home/mvsr/303CSE/2II-Java_Lab/WP/Servlet/apache-tomcat-9.0.111
21-Nov-2025 10:28:19.822 INFO [main] org.apache.catalina.startup.VersionLoggerListener.log CATALINA_HOME:         /home/mvsr/303CSE/2II-Java_Lab/WP/Servlet/apache-tomcat-9.0.111
21-Nov-2025 10:28:19.822 INFO [main] org.apache.catalina.startup.VersionLoggerListener.log Command line argument: -Djava.util.logging.config.file=/home/mvsr/303CSE/2II-Java_Lab/WP/Servlet/apache-tomcat-9.0.111/conf/logging.properties
21-Nov-2025 10:28:19.822 INFO [main] org.apache.catalina.startup.VersionLoggerListener.log Command line argument: -Djava.util.logging.manager=org.apache.juli.ClassLoaderLogManager
21-Nov-2025 10:28:19.822 INFO [main] org.apache.catalina.startup.VersionLoggerListener.log Command line argument: -Djdk.tls.ephemeralDHKeySize=2048
21-Nov-2025 10:28:19.823 INFO [main] org.apache.catalina.startup.VersionLoggerListener.log Command line argument: -Djava.protocol.handler.pkgs=org.apache.catalina.webresources
21-Nov-2025 10:28:19.823 INFO [main] org.apache.catalina.startup.VersionLoggerListener.log Command line argument: -Dsun.io.useCanonCaches=false
21-Nov-2025 10:28:19.823 INFO [main] org.apache.catalina.startup.VersionLoggerListener.log Command line argument: -Dorg.apache.catalina.security.SecurityListener.UMASK=0027
21-Nov-2025 10:28:19.823 INFO [main] org.apache.catalina.startup.VersionLoggerListener.log Command line argument: -Dignore.endorsed.dirs=
21-Nov-2025 10:28:19.823 INFO [main] org.apache.catalina.startup.VersionLoggerListener.log Command line argument: -Dcatalina.base=/home/mvsr/303CSE/2II-Java_Lab/WP/Servlet/apache-tomcat-9.0.111
21-Nov-2025 10:28:19.823 INFO [main] org.apache.catalina.startup.VersionLoggerListener.log Command line argument: -Dcatalina.home=/home/mvsr/303CSE/2II-Java_Lab/WP/Servlet/apache-tomcat-9.0.111
21-Nov-2025 10:28:19.823 INFO [main] org.apache.catalina.startup.VersionLoggerListener.log Command line argument: -Djava.io.tmpdir=/home/mvsr/303CSE/2II-Java_Lab/WP/Servlet/apache-tomcat-9.0.111/temp
21-Nov-2025 10:28:19.825 INFO [main] org.apache.catalina.core.AprLifecycleListener.lifecycleEvent The Apache Tomcat Native library which allows using OpenSSL was not found on the java.library.path: [/usr/java/packages/lib/amd64:/usr/lib/x86_64-linux-gnu/jni:/lib/x86_64-linux-gnu:/usr/lib/x86_64-linux-gnu:/usr/lib/jni:/lib:/usr/lib]
21-Nov-2025 10:28:20.050 INFO [main] org.apache.coyote.AbstractProtocol.init Initializing ProtocolHandler ["http-nio-8080"]
21-Nov-2025 10:28:20.059 SEVERE [main] org.apache.catalina.util.LifecycleBase.handleSubClassException Failed to initialize component [Connector["http-nio-8080"]]
	org.apache.catalina.LifecycleException: Protocol handler initialization failed
		at org.apache.catalina.connector.Connector.initInternal(Connector.java:1070)
		at org.apache.catalina.util.LifecycleBase.init(LifecycleBase.java:122)
		at org.apache.catalina.core.StandardService.initInternal(StandardService.java:520)
		at org.apache.catalina.util.LifecycleBase.init(LifecycleBase.java:122)
		at org.apache.catalina.core.StandardServer.initInternal(StandardServer.java:984)
		at org.apache.catalina.util.LifecycleBase.init(LifecycleBase.java:122)
		at org.apache.catalina.startup.Catalina.load(Catalina.java:687)
		at org.apache.catalina.startup.Catalina.load(Catalina.java:710)
		at sun.reflect.NativeMethodAccessorImpl.invoke0(Native Method)
		at sun.reflect.NativeMethodAccessorImpl.invoke(NativeMethodAccessorImpl.java:62)
		at sun.reflect.DelegatingMethodAccessorImpl.invoke(DelegatingMethodAccessorImpl.java:43)
		at java.lang.reflect.Method.invoke(Method.java:498)
		at org.apache.catalina.startup.Bootstrap.load(Bootstrap.java:299)
		at org.apache.catalina.startup.Bootstrap.main(Bootstrap.java:472)
	Caused by: java.net.BindException: Address already in use
		at sun.nio.ch.Net.bind0(Native Method)
		at sun.nio.ch.Net.bind(Net.java:461)
		at sun.nio.ch.Net.bind(Net.java:453)
		at sun.nio.ch.ServerSocketChannelImpl.bind(ServerSocketChannelImpl.java:222)
		at org.apache.tomcat.util.net.NioEndpoint.initServerSocket(NioEndpoint.java:296)
		at org.apache.tomcat.util.net.NioEndpoint.bind(NioEndpoint.java:251)
		at org.apache.tomcat.util.net.AbstractEndpoint.bindWithCleanup(AbstractEndpoint.java:1464)
		at org.apache.tomcat.util.net.AbstractEndpoint.init(AbstractEndpoint.java:1477)
		at org.apache.coyote.AbstractProtocol.init(AbstractProtocol.java:663)
		at org.apache.coyote.http11.AbstractHttp11Protocol.init(AbstractHttp11Protocol.java:80)
		at org.apache.catalina.connector.Connector.initInternal(Connector.java:1068)
		... 13 more
21-Nov-2025 10:28:20.060 INFO [main] org.apache.catalina.startup.Catalina.load Server initialization in [344] milliseconds
21-Nov-2025 10:28:20.080 INFO [main] org.apache.catalina.core.StandardService.startInternal Starting service [Catalina]
21-Nov-2025 10:28:20.081 INFO [main] org.apache.catalina.core.StandardEngine.startInternal Starting Servlet engine: [Apache Tomcat/9.0.111]
21-Nov-2025 10:28:20.087 INFO [main] org.apache.catalina.startup.HostConfig.deployDirectory Deploying web application directory [/home/mvsr/303CSE/2II-Java_Lab/WP/Servlet/apache-tomcat-9.0.111/webapps/Login]
21-Nov-2025 10:28:20.235 INFO [main] org.apache.catalina.startup.HostConfig.deployDirectory Deployment of web application directory [/home/mvsr/303CSE/2II-Java_Lab/WP/Servlet/apache-tomcat-9.0.111/webapps/Login] has finished in [149] ms
21-Nov-2025 10:28:20.235 INFO [main] org.apache.catalina.startup.HostConfig.deployDirectory Deploying web application directory [/home/mvsr/303CSE/2II-Java_Lab/WP/Servlet/apache-tomcat-9.0.111/webapps/docs]
21-Nov-2025 10:28:20.252 INFO [main] org.apache.catalina.startup.HostConfig.deployDirectory Deployment of web application directory [/home/mvsr/303CSE/2II-Java_Lab/WP/Servlet/apache-tomcat-9.0.111/webapps/docs] has finished in [17] ms
21-Nov-2025 10:28:20.252 INFO [main] org.apache.catalina.startup.HostConfig.deployDirectory Deploying web application directory [/home/mvsr/303CSE/2II-Java_Lab/WP/Servlet/apache-tomcat-9.0.111/webapps/list]
21-Nov-2025 10:28:20.265 INFO [main] org.apache.catalina.startup.HostConfig.deployDirectory Deployment of web application directory [/home/mvsr/303CSE/2II-Java_Lab/WP/Servlet/apache-tomcat-9.0.111/webapps/list] has finished in [13] ms
21-Nov-2025 10:28:20.265 INFO [main] org.apache.catalina.startup.HostConfig.deployDirectory Deploying web application directory [/home/mvsr/303CSE/2II-Java_Lab/WP/Servlet/apache-tomcat-9.0.111/webapps/ex]
21-Nov-2025 10:28:20.284 INFO [main] org.apache.catalina.startup.HostConfig.deployDirectory Deployment of web application directory [/home/mvsr/303CSE/2II-Java_Lab/WP/Servlet/apache-tomcat-9.0.111/webapps/ex] has finished in [19] ms
21-Nov-2025 10:28:20.284 INFO [main] org.apache.catalina.startup.HostConfig.deployDirectory Deploying web application directory [/home/mvsr/303CSE/2II-Java_Lab/WP/Servlet/apache-tomcat-9.0.111/webapps/Session]
21-Nov-2025 10:28:20.296 INFO [main] org.apache.catalina.startup.HostConfig.deployDirectory Deployment of web application directory [/home/mvsr/303CSE/2II-Java_Lab/WP/Servlet/apache-tomcat-9.0.111/webapps/Session] has finished in [11] ms
21-Nov-2025 10:28:20.296 INFO [main] org.apache.catalina.startup.HostConfig.deployDirectory Deploying web application directory [/home/mvsr/303CSE/2II-Java_Lab/WP/Servlet/apache-tomcat-9.0.111/webapps/fact]
21-Nov-2025 10:28:20.307 INFO [main] org.apache.catalina.startup.HostConfig.deployDirectory Deployment of web application directory [/home/mvsr/303CSE/2II-Java_Lab/WP/Servlet/apache-tomcat-9.0.111/webapps/fact] has finished in [11] ms
21-Nov-2025 10:28:20.307 INFO [main] org.apache.catalina.startup.HostConfig.deployDirectory Deploying web application directory [/home/mvsr/303CSE/2II-Java_Lab/WP/Servlet/apache-tomcat-9.0.111/webapps/examples]
21-Nov-2025 10:28:20.417 INFO [main] org.apache.catalina.startup.HostConfig.deployDirectory Deployment of web application directory [/home/mvsr/303CSE/2II-Java_Lab/WP/Servlet/apache-tomcat-9.0.111/webapps/examples] has finished in [110] ms
21-Nov-2025 10:28:20.418 INFO [main] org.apache.catalina.startup.HostConfig.deployDirectory Deploying web application directory [/home/mvsr/303CSE/2II-Java_Lab/WP/Servlet/apache-tomcat-9.0.111/webapps/Dispatcher]
21-Nov-2025 10:28:20.431 INFO [main] org.apache.catalina.startup.HostConfig.deployDirectory Deployment of web application directory [/home/mvsr/303CSE/2II-Java_Lab/WP/Servlet/apache-tomcat-9.0.111/webapps/Dispatcher] has finished in [13] ms
21-Nov-2025 10:28:20.431 INFO [main] org.apache.catalina.startup.HostConfig.deployDirectory Deploying web application directory [/home/mvsr/303CSE/2II-Java_Lab/WP/Servlet/apache-tomcat-9.0.111/webapps/Cookie]
21-Nov-2025 10:28:20.443 INFO [main] org.apache.catalina.startup.HostConfig.deployDirectory Deployment of web application directory [/home/mvsr/303CSE/2II-Java_Lab/WP/Servlet/apache-tomcat-9.0.111/webapps/Cookie] has finished in [12] ms
21-Nov-2025 10:28:20.443 INFO [main] org.apache.catalina.startup.HostConfig.deployDirectory Deploying web application directory [/home/mvsr/303CSE/2II-Java_Lab/WP/Servlet/apache-tomcat-9.0.111/webapps/ROOT]
21-Nov-2025 10:28:20.452 INFO [main] org.apache.catalina.startup.HostConfig.deployDirectory Deployment of web application directory [/home/mvsr/303CSE/2II-Java_Lab/WP/Servlet/apache-tomcat-9.0.111/webapps/ROOT] has finished in [9] ms
21-Nov-2025 10:28:20.452 INFO [main] org.apache.catalina.startup.HostConfig.deployDirectory Deploying web application directory [/home/mvsr/303CSE/2II-Java_Lab/WP/Servlet/apache-tomcat-9.0.111/webapps/Example]
21-Nov-2025 10:28:20.462 INFO [main] org.apache.catalina.startup.HostConfig.deployDirectory Deployment of web application directory [/home/mvsr/303CSE/2II-Java_Lab/WP/Servlet/apache-tomcat-9.0.111/webapps/Example] has finished in [10] ms
21-Nov-2025 10:28:20.463 INFO [main] org.apache.catalina.startup.HostConfig.deployDirectory Deploying web application directory [/home/mvsr/303CSE/2II-Java_Lab/WP/Servlet/apache-tomcat-9.0.111/webapps/host-manager]
21-Nov-2025 10:28:20.476 INFO [main] org.apache.catalina.startup.HostConfig.deployDirectory Deployment of web application directory [/home/mvsr/303CSE/2II-Java_Lab/WP/Servlet/apache-tomcat-9.0.111/webapps/host-manager] has finished in [13] ms
21-Nov-2025 10:28:20.476 INFO [main] org.apache.catalina.startup.HostConfig.deployDirectory Deploying web application directory [/home/mvsr/303CSE/2II-Java_Lab/WP/Servlet/apache-tomcat-9.0.111/webapps/manager]
21-Nov-2025 10:28:20.490 INFO [main] org.apache.catalina.startup.HostConfig.deployDirectory Deployment of web application directory [/home/mvsr/303CSE/2II-Java_Lab/WP/Servlet/apache-tomcat-9.0.111/webapps/manager] has finished in [14] ms
21-Nov-2025 10:28:20.490 INFO [main] org.apache.catalina.startup.HostConfig.deployDirectory Deploying web application directory [/home/mvsr/303CSE/2II-Java_Lab/WP/Servlet/apache-tomcat-9.0.111/webapps/Report]
21-Nov-2025 10:28:20.502 INFO [main] org.apache.catalina.startup.HostConfig.deployDirectory Deployment of web application directory [/home/mvsr/303CSE/2II-Java_Lab/WP/Servlet/apache-tomcat-9.0.111/webapps/Report] has finished in [12] ms
21-Nov-2025 10:28:20.506 INFO [main] org.apache.catalina.startup.Catalina.start Server startup in [445] milliseconds
21-Nov-2025 10:28:20.507 SEVERE [main] org.apache.catalina.core.StandardServer.await Failed to create server shutdown socket on address [localhost] and port [8005] (base port [8005] and offset [0])
	java.net.BindException: Address already in use (Bind failed)
		at java.net.PlainSocketImpl.socketBind(Native Method)
		at java.net.AbstractPlainSocketImpl.bind(AbstractPlainSocketImpl.java:387)
		at java.net.ServerSocket.bind(ServerSocket.java:390)
		at java.net.ServerSocket.<init>(ServerSocket.java:252)
		at org.apache.catalina.core.StandardServer.await(StandardServer.java:535)
		at org.apache.catalina.startup.Catalina.await(Catalina.java:826)
		at org.apache.catalina.startup.Catalina.start(Catalina.java:774)
		at sun.reflect.NativeMethodAccessorImpl.invoke0(Native Method)
		at sun.reflect.NativeMethodAccessorImpl.invoke(NativeMethodAccessorImpl.java:62)
		at sun.reflect.DelegatingMethodAccessorImpl.invoke(DelegatingMethodAccessorImpl.java:43)
		at java.lang.reflect.Method.invoke(Method.java:498)
		at org.apache.catalina.startup.Bootstrap.start(Bootstrap.java:342)
		at org.apache.catalina.startup.Bootstrap.main(Bootstrap.java:473)
21-Nov-2025 10:28:20.507 INFO [main] org.apache.coyote.AbstractProtocol.pause Pausing ProtocolHandler ["http-nio-8080"]
21-Nov-2025 10:28:20.507 INFO [main] org.apache.catalina.core.StandardService.stopInternal Stopping service [Catalina]
21-Nov-2025 10:28:20.533 INFO [main] org.apache.coyote.AbstractProtocol.stop Stopping ProtocolHandler ["http-nio-8080"]
21-Nov-2025 10:28:20.535 INFO [main] org.apache.coyote.AbstractProtocol.destroy Destroying ProtocolHandler ["http-nio-8080"]
21-Nov-2025 10:39:33.018 INFO [main] org.apache.catalina.startup.VersionLoggerListener.log Server version name:   Apache Tomcat/9.0.111
21-Nov-2025 10:39:33.019 INFO [main] org.apache.catalina.startup.VersionLoggerListener.log Server built:          Oct 10 2025 14:13:20 UTC
21-Nov-2025 10:39:33.020 INFO [main] org.apache.catalina.startup.VersionLoggerListener.log Server version number: 9.0.111.0
21-Nov-2025 10:39:33.020 INFO [main] org.apache.catalina.startup.VersionLoggerListener.log OS Name:               Linux
21-Nov-2025 10:39:33.020 INFO [main] org.apache.catalina.startup.VersionLoggerListener.log OS Version:            6.5.0-35-generic
21-Nov-2025 10:39:33.020 INFO [main] org.apache.catalina.startup.VersionLoggerListener.log Architecture:          amd64
21-Nov-2025 10:39:33.020 INFO [main] org.apache.catalina.startup.VersionLoggerListener.log Java Home:             /usr/lib/jvm/java-8-openjdk-amd64/jre
21-Nov-2025 10:39:33.020 INFO [main] org.apache.catalina.startup.VersionLoggerListener.log JVM Version:           1.8.0_402-8u402-ga-2ubuntu1~22.04-b06
21-Nov-2025 10:39:33.020 INFO [main] org.apache.catalina.startup.VersionLoggerListener.log JVM Vendor:            Private Build
21-Nov-2025 10:39:33.020 INFO [main] org.apache.catalina.startup.VersionLoggerListener.log CATALINA_BASE:         /home/mvsr/303CSE/2II-Java_Lab/WP/Servlet/apache-tomcat-9.0.111
21-Nov-2025 10:39:33.020 INFO [main] org.apache.catalina.startup.VersionLoggerListener.log CATALINA_HOME:         /home/mvsr/303CSE/2II-Java_Lab/WP/Servlet/apache-tomcat-9.0.111
21-Nov-2025 10:39:33.021 INFO [main] org.apache.catalina.startup.VersionLoggerListener.log Command line argument: -Djava.util.logging.config.file=/home/mvsr/303CSE/2II-Java_Lab/WP/Servlet/apache-tomcat-9.0.111/conf/logging.properties
21-Nov-2025 10:39:33.021 INFO [main] org.apache.catalina.startup.VersionLoggerListener.log Command line argument: -Djava.util.logging.manager=org.apache.juli.ClassLoaderLogManager
21-Nov-2025 10:39:33.021 INFO [main] org.apache.catalina.startup.VersionLoggerListener.log Command line argument: -Djdk.tls.ephemeralDHKeySize=2048
21-Nov-2025 10:39:33.021 INFO [main] org.apache.catalina.startup.VersionLoggerListener.log Command line argument: -Djava.protocol.handler.pkgs=org.apache.catalina.webresources
21-Nov-2025 10:39:33.021 INFO [main] org.apache.catalina.startup.VersionLoggerListener.log Command line argument: -Dsun.io.useCanonCaches=false
21-Nov-2025 10:39:33.021 INFO [main] org.apache.catalina.startup.VersionLoggerListener.log Command line argument: -Dorg.apache.catalina.security.SecurityListener.UMASK=0027
21-Nov-2025 10:39:33.021 INFO [main] org.apache.catalina.startup.VersionLoggerListener.log Command line argument: -Dignore.endorsed.dirs=
21-Nov-2025 10:39:33.021 INFO [main] org.apache.catalina.startup.VersionLoggerListener.log Command line argument: -Dcatalina.base=/home/mvsr/303CSE/2II-Java_Lab/WP/Servlet/apache-tomcat-9.0.111
21-Nov-2025 10:39:33.021 INFO [main] org.apache.catalina.startup.VersionLoggerListener.log Command line argument: -Dcatalina.home=/home/mvsr/303CSE/2II-Java_Lab/WP/Servlet/apache-tomcat-9.0.111
21-Nov-2025 10:39:33.021 INFO [main] org.apache.catalina.startup.VersionLoggerListener.log Command line argument: -Djava.io.tmpdir=/home/mvsr/303CSE/2II-Java_Lab/WP/Servlet/apache-tomcat-9.0.111/temp
21-Nov-2025 10:39:33.022 INFO [main] org.apache.catalina.core.AprLifecycleListener.lifecycleEvent The Apache Tomcat Native library which allows using OpenSSL was not found on the java.library.path: [/usr/java/packages/lib/amd64:/usr/lib/x86_64-linux-gnu/jni:/lib/x86_64-linux-gnu:/usr/lib/x86_64-linux-gnu:/usr/lib/jni:/lib:/usr/lib]
21-Nov-2025 10:39:33.261 INFO [main] org.apache.coyote.AbstractProtocol.init Initializing ProtocolHandler ["http-nio-8080"]
21-Nov-2025 10:39:33.279 INFO [main] org.apache.catalina.startup.Catalina.load Server initialization in [380] milliseconds
21-Nov-2025 10:39:33.302 INFO [main] org.apache.catalina.core.StandardService.startInternal Starting service [Catalina]
21-Nov-2025 10:39:33.302 INFO [main] org.apache.catalina.core.StandardEngine.startInternal Starting Servlet engine: [Apache Tomcat/9.0.111]
21-Nov-2025 10:39:33.307 INFO [main] org.apache.catalina.startup.HostConfig.deployDirectory Deploying web application directory [/home/mvsr/303CSE/2II-Java_Lab/WP/Servlet/apache-tomcat-9.0.111/webapps/Login]
21-Nov-2025 10:39:33.454 INFO [main] org.apache.catalina.startup.HostConfig.deployDirectory Deployment of web application directory [/home/mvsr/303CSE/2II-Java_Lab/WP/Servlet/apache-tomcat-9.0.111/webapps/Login] has finished in [146] ms
21-Nov-2025 10:39:33.454 INFO [main] org.apache.catalina.startup.HostConfig.deployDirectory Deploying web application directory [/home/mvsr/303CSE/2II-Java_Lab/WP/Servlet/apache-tomcat-9.0.111/webapps/docs]
21-Nov-2025 10:39:33.468 INFO [main] org.apache.catalina.startup.HostConfig.deployDirectory Deployment of web application directory [/home/mvsr/303CSE/2II-Java_Lab/WP/Servlet/apache-tomcat-9.0.111/webapps/docs] has finished in [14] ms
21-Nov-2025 10:39:33.468 INFO [main] org.apache.catalina.startup.HostConfig.deployDirectory Deploying web application directory [/home/mvsr/303CSE/2II-Java_Lab/WP/Servlet/apache-tomcat-9.0.111/webapps/list]
21-Nov-2025 10:39:33.483 INFO [main] org.apache.catalina.startup.HostConfig.deployDirectory Deployment of web application directory [/home/mvsr/303CSE/2II-Java_Lab/WP/Servlet/apache-tomcat-9.0.111/webapps/list] has finished in [15] ms
21-Nov-2025 10:39:33.484 INFO [main] org.apache.catalina.startup.HostConfig.deployDirectory Deploying web application directory [/home/mvsr/303CSE/2II-Java_Lab/WP/Servlet/apache-tomcat-9.0.111/webapps/ex]
21-Nov-2025 10:39:33.503 INFO [main] org.apache.catalina.startup.HostConfig.deployDirectory Deployment of web application directory [/home/mvsr/303CSE/2II-Java_Lab/WP/Servlet/apache-tomcat-9.0.111/webapps/ex] has finished in [20] ms
21-Nov-2025 10:39:33.503 INFO [main] org.apache.catalina.startup.HostConfig.deployDirectory Deploying web application directory [/home/mvsr/303CSE/2II-Java_Lab/WP/Servlet/apache-tomcat-9.0.111/webapps/Session]
21-Nov-2025 10:39:33.516 INFO [main] org.apache.catalina.startup.HostConfig.deployDirectory Deployment of web application directory [/home/mvsr/303CSE/2II-Java_Lab/WP/Servlet/apache-tomcat-9.0.111/webapps/Session] has finished in [13] ms
21-Nov-2025 10:39:33.516 INFO [main] org.apache.catalina.startup.HostConfig.deployDirectory Deploying web application directory [/home/mvsr/303CSE/2II-Java_Lab/WP/Servlet/apache-tomcat-9.0.111/webapps/fact]
21-Nov-2025 10:39:33.528 INFO [main] org.apache.catalina.startup.HostConfig.deployDirectory Deployment of web application directory [/home/mvsr/303CSE/2II-Java_Lab/WP/Servlet/apache-tomcat-9.0.111/webapps/fact] has finished in [12] ms
21-Nov-2025 10:39:33.529 INFO [main] org.apache.catalina.startup.HostConfig.deployDirectory Deploying web application directory [/home/mvsr/303CSE/2II-Java_Lab/WP/Servlet/apache-tomcat-9.0.111/webapps/examples]
21-Nov-2025 10:39:33.663 INFO [main] org.apache.catalina.startup.HostConfig.deployDirectory Deployment of web application directory [/home/mvsr/303CSE/2II-Java_Lab/WP/Servlet/apache-tomcat-9.0.111/webapps/examples] has finished in [134] ms
21-Nov-2025 10:39:33.663 INFO [main] org.apache.catalina.startup.HostConfig.deployDirectory Deploying web application directory [/home/mvsr/303CSE/2II-Java_Lab/WP/Servlet/apache-tomcat-9.0.111/webapps/Dispatcher]
21-Nov-2025 10:39:33.678 INFO [main] org.apache.catalina.startup.HostConfig.deployDirectory Deployment of web application directory [/home/mvsr/303CSE/2II-Java_Lab/WP/Servlet/apache-tomcat-9.0.111/webapps/Dispatcher] has finished in [15] ms
21-Nov-2025 10:39:33.679 INFO [main] org.apache.catalina.startup.HostConfig.deployDirectory Deploying web application directory [/home/mvsr/303CSE/2II-Java_Lab/WP/Servlet/apache-tomcat-9.0.111/webapps/Cookie]
21-Nov-2025 10:39:33.693 INFO [main] org.apache.catalina.startup.HostConfig.deployDirectory Deployment of web application directory [/home/mvsr/303CSE/2II-Java_Lab/WP/Servlet/apache-tomcat-9.0.111/webapps/Cookie] has finished in [14] ms
21-Nov-2025 10:39:33.694 INFO [main] org.apache.catalina.startup.HostConfig.deployDirectory Deploying web application directory [/home/mvsr/303CSE/2II-Java_Lab/WP/Servlet/apache-tomcat-9.0.111/webapps/ROOT]
21-Nov-2025 10:39:33.704 INFO [main] org.apache.catalina.startup.HostConfig.deployDirectory Deployment of web application directory [/home/mvsr/303CSE/2II-Java_Lab/WP/Servlet/apache-tomcat-9.0.111/webapps/ROOT] has finished in [10] ms
21-Nov-2025 10:39:33.705 INFO [main] org.apache.catalina.startup.HostConfig.deployDirectory Deploying web application directory [/home/mvsr/303CSE/2II-Java_Lab/WP/Servlet/apache-tomcat-9.0.111/webapps/Example]
21-Nov-2025 10:39:33.717 INFO [main] org.apache.catalina.startup.HostConfig.deployDirectory Deployment of web application directory [/home/mvsr/303CSE/2II-Java_Lab/WP/Servlet/apache-tomcat-9.0.111/webapps/Example] has finished in [12] ms
21-Nov-2025 10:39:33.718 INFO [main] org.apache.catalina.startup.HostConfig.deployDirectory Deploying web application directory [/home/mvsr/303CSE/2II-Java_Lab/WP/Servlet/apache-tomcat-9.0.111/webapps/host-manager]
21-Nov-2025 10:39:33.735 INFO [main] org.apache.catalina.startup.HostConfig.deployDirectory Deployment of web application directory [/home/mvsr/303CSE/2II-Java_Lab/WP/Servlet/apache-tomcat-9.0.111/webapps/host-manager] has finished in [17] ms
21-Nov-2025 10:39:33.735 INFO [main] org.apache.catalina.startup.HostConfig.deployDirectory Deploying web application directory [/home/mvsr/303CSE/2II-Java_Lab/WP/Servlet/apache-tomcat-9.0.111/webapps/manager]
21-Nov-2025 10:39:33.752 INFO [main] org.apache.catalina.startup.HostConfig.deployDirectory Deployment of web application directory [/home/mvsr/303CSE/2II-Java_Lab/WP/Servlet/apache-tomcat-9.0.111/webapps/manager] has finished in [17] ms
21-Nov-2025 10:39:33.752 INFO [main] org.apache.catalina.startup.HostConfig.deployDirectory Deploying web application directory [/home/mvsr/303CSE/2II-Java_Lab/WP/Servlet/apache-tomcat-9.0.111/webapps/Report]
21-Nov-2025 10:39:33.768 INFO [main] org.apache.catalina.startup.HostConfig.deployDirectory Deployment of web application directory [/home/mvsr/303CSE/2II-Java_Lab/WP/Servlet/apache-tomcat-9.0.111/webapps/Report] has finished in [16] ms
21-Nov-2025 10:39:33.773 INFO [main] org.apache.coyote.AbstractProtocol.start Starting ProtocolHandler ["http-nio-8080"]
21-Nov-2025 10:39:33.782 INFO [main] org.apache.catalina.startup.Catalina.start Server startup in [502] milliseconds
21-Nov-2025 11:27:47.244 INFO [main] org.apache.catalina.core.StandardServer.await A valid shutdown command was received via the shutdown port. Stopping the Server instance.
21-Nov-2025 11:27:47.244 INFO [main] org.apache.coyote.AbstractProtocol.pause Pausing ProtocolHandler ["http-nio-8080"]
21-Nov-2025 11:27:47.247 INFO [main] org.apache.catalina.core.StandardService.stopInternal Stopping service [Catalina]
21-Nov-2025 11:27:47.271 INFO [main] org.apache.coyote.AbstractProtocol.stop Stopping ProtocolHandler ["http-nio-8080"]
21-Nov-2025 11:27:47.280 INFO [main] org.apache.coyote.AbstractProtocol.destroy Destroying ProtocolHandler ["http-nio-8080"]
