30-Oct-2025 09:51:50.611 INFO [main] org.apache.catalina.startup.VersionLoggerListener.log Server version name:   Apache Tomcat/9.0.111
30-Oct-2025 09:51:50.654 INFO [main] org.apache.catalina.startup.VersionLoggerListener.log Server built:          Oct 10 2025 14:13:20 UTC
30-Oct-2025 09:51:50.664 INFO [main] org.apache.catalina.startup.VersionLoggerListener.log Server version number: 9.0.111.0
30-Oct-2025 09:51:50.664 INFO [main] org.apache.catalina.startup.VersionLoggerListener.log OS Name:               Linux
30-Oct-2025 09:51:50.664 INFO [main] org.apache.catalina.startup.VersionLoggerListener.log OS Version:            6.5.0-35-generic
30-Oct-2025 09:51:50.664 INFO [main] org.apache.catalina.startup.VersionLoggerListener.log Architecture:          amd64
30-Oct-2025 09:51:50.664 INFO [main] org.apache.catalina.startup.VersionLoggerListener.log Java Home:             /usr/lib/jvm/java-8-openjdk-amd64/jre
30-Oct-2025 09:51:50.665 INFO [main] org.apache.catalina.startup.VersionLoggerListener.log JVM Version:           1.8.0_402-8u402-ga-2ubuntu1~22.04-b06
30-Oct-2025 09:51:50.665 INFO [main] org.apache.catalina.startup.VersionLoggerListener.log JVM Vendor:            Private Build
30-Oct-2025 09:51:50.665 INFO [main] org.apache.catalina.startup.VersionLoggerListener.log CATALINA_BASE:         /home/mvsr/cse199/servlets/apache-tomcat-9.0.111
30-Oct-2025 09:51:50.665 INFO [main] org.apache.catalina.startup.VersionLoggerListener.log CATALINA_HOME:         /home/mvsr/cse199/servlets/apache-tomcat-9.0.111
30-Oct-2025 09:51:50.692 INFO [main] org.apache.catalina.startup.VersionLoggerListener.log Command line argument: -Djava.util.logging.config.file=/home/mvsr/cse199/servlets/apache-tomcat-9.0.111/conf/logging.properties
30-Oct-2025 09:51:50.692 INFO [main] org.apache.catalina.startup.VersionLoggerListener.log Command line argument: -Djava.util.logging.manager=org.apache.juli.ClassLoaderLogManager
30-Oct-2025 09:51:50.692 INFO [main] org.apache.catalina.startup.VersionLoggerListener.log Command line argument: -Djdk.tls.ephemeralDHKeySize=2048
30-Oct-2025 09:51:50.692 INFO [main] org.apache.catalina.startup.VersionLoggerListener.log Command line argument: -Djava.protocol.handler.pkgs=org.apache.catalina.webresources
30-Oct-2025 09:51:50.692 INFO [main] org.apache.catalina.startup.VersionLoggerListener.log Command line argument: -Dsun.io.useCanonCaches=false
30-Oct-2025 09:51:50.692 INFO [main] org.apache.catalina.startup.VersionLoggerListener.log Command line argument: -Dorg.apache.catalina.security.SecurityListener.UMASK=0027
30-Oct-2025 09:51:50.693 INFO [main] org.apache.catalina.startup.VersionLoggerListener.log Command line argument: -Dignore.endorsed.dirs=
30-Oct-2025 09:51:50.693 INFO [main] org.apache.catalina.startup.VersionLoggerListener.log Command line argument: -Dcatalina.base=/home/mvsr/cse199/servlets/apache-tomcat-9.0.111
30-Oct-2025 09:51:50.693 INFO [main] org.apache.catalina.startup.VersionLoggerListener.log Command line argument: -Dcatalina.home=/home/mvsr/cse199/servlets/apache-tomcat-9.0.111
30-Oct-2025 09:51:50.693 INFO [main] org.apache.catalina.startup.VersionLoggerListener.log Command line argument: -Djava.io.tmpdir=/home/mvsr/cse199/servlets/apache-tomcat-9.0.111/temp
30-Oct-2025 09:51:50.694 INFO [main] org.apache.catalina.core.AprLifecycleListener.lifecycleEvent The Apache Tomcat Native library which allows using OpenSSL was not found on the java.library.path: [/usr/java/packages/lib/amd64:/usr/lib/x86_64-linux-gnu/jni:/lib/x86_64-linux-gnu:/usr/lib/x86_64-linux-gnu:/usr/lib/jni:/lib:/usr/lib]
30-Oct-2025 09:51:51.401 INFO [main] org.apache.coyote.AbstractProtocol.init Initializing ProtocolHandler ["http-nio-8080"]
30-Oct-2025 09:51:51.455 INFO [main] org.apache.catalina.startup.Catalina.load Server initialization in [1167] milliseconds
30-Oct-2025 09:51:51.529 INFO [main] org.apache.catalina.core.StandardService.startInternal Starting service [Catalina]
30-Oct-2025 09:51:51.529 INFO [main] org.apache.catalina.core.StandardEngine.startInternal Starting Servlet engine: [Apache Tomcat/9.0.111]
30-Oct-2025 09:51:51.550 INFO [main] org.apache.catalina.startup.HostConfig.deployDirectory Deploying web application directory [/home/mvsr/cse199/servlets/apache-tomcat-9.0.111/webapps/docs]
30-Oct-2025 09:51:51.845 INFO [main] org.apache.catalina.startup.HostConfig.deployDirectory Deployment of web application directory [/home/mvsr/cse199/servlets/apache-tomcat-9.0.111/webapps/docs] has finished in [295] ms
30-Oct-2025 09:51:51.846 INFO [main] org.apache.catalina.startup.HostConfig.deployDirectory Deploying web application directory [/home/mvsr/cse199/servlets/apache-tomcat-9.0.111/webapps/list]
30-Oct-2025 09:51:51.925 INFO [main] org.apache.catalina.startup.HostConfig.deployDirectory Deployment of web application directory [/home/mvsr/cse199/servlets/apache-tomcat-9.0.111/webapps/list] has finished in [79] ms
30-Oct-2025 09:51:51.925 INFO [main] org.apache.catalina.startup.HostConfig.deployDirectory Deploying web application directory [/home/mvsr/cse199/servlets/apache-tomcat-9.0.111/webapps/ex]
30-Oct-2025 09:51:51.961 INFO [main] org.apache.catalina.startup.HostConfig.deployDirectory Deployment of web application directory [/home/mvsr/cse199/servlets/apache-tomcat-9.0.111/webapps/ex] has finished in [36] ms
30-Oct-2025 09:51:51.962 INFO [main] org.apache.catalina.startup.HostConfig.deployDirectory Deploying web application directory [/home/mvsr/cse199/servlets/apache-tomcat-9.0.111/webapps/report]
30-Oct-2025 09:51:51.976 INFO [main] org.apache.catalina.startup.HostConfig.deployDirectory Deployment of web application directory [/home/mvsr/cse199/servlets/apache-tomcat-9.0.111/webapps/report] has finished in [15] ms
30-Oct-2025 09:51:51.977 INFO [main] org.apache.catalina.startup.HostConfig.deployDirectory Deploying web application directory [/home/mvsr/cse199/servlets/apache-tomcat-9.0.111/webapps/fact]
30-Oct-2025 09:51:52.015 INFO [main] org.apache.catalina.startup.HostConfig.deployDirectory Deployment of web application directory [/home/mvsr/cse199/servlets/apache-tomcat-9.0.111/webapps/fact] has finished in [39] ms
30-Oct-2025 09:51:52.015 INFO [main] org.apache.catalina.startup.HostConfig.deployDirectory Deploying web application directory [/home/mvsr/cse199/servlets/apache-tomcat-9.0.111/webapps/examples]
30-Oct-2025 09:51:52.230 INFO [main] org.apache.catalina.startup.HostConfig.deployDirectory Deployment of web application directory [/home/mvsr/cse199/servlets/apache-tomcat-9.0.111/webapps/examples] has finished in [215] ms
30-Oct-2025 09:51:52.230 INFO [main] org.apache.catalina.startup.HostConfig.deployDirectory Deploying web application directory [/home/mvsr/cse199/servlets/apache-tomcat-9.0.111/webapps/ROOT]
30-Oct-2025 09:51:52.268 INFO [main] org.apache.catalina.startup.HostConfig.deployDirectory Deployment of web application directory [/home/mvsr/cse199/servlets/apache-tomcat-9.0.111/webapps/ROOT] has finished in [38] ms
30-Oct-2025 09:51:52.269 INFO [main] org.apache.catalina.startup.HostConfig.deployDirectory Deploying web application directory [/home/mvsr/cse199/servlets/apache-tomcat-9.0.111/webapps/host-manager]
30-Oct-2025 09:51:52.301 INFO [main] org.apache.catalina.startup.HostConfig.deployDirectory Deployment of web application directory [/home/mvsr/cse199/servlets/apache-tomcat-9.0.111/webapps/host-manager] has finished in [33] ms
30-Oct-2025 09:51:52.301 INFO [main] org.apache.catalina.startup.HostConfig.deployDirectory Deploying web application directory [/home/mvsr/cse199/servlets/apache-tomcat-9.0.111/webapps/manager]
30-Oct-2025 09:51:52.320 INFO [main] org.apache.catalina.startup.HostConfig.deployDirectory Deployment of web application directory [/home/mvsr/cse199/servlets/apache-tomcat-9.0.111/webapps/manager] has finished in [19] ms
30-Oct-2025 09:51:52.323 INFO [main] org.apache.coyote.AbstractProtocol.start Starting ProtocolHandler ["http-nio-8080"]
30-Oct-2025 09:51:52.340 INFO [main] org.apache.catalina.startup.Catalina.start Server startup in [884] milliseconds
30-Oct-2025 10:19:12.475 INFO [Catalina-utility-1] org.apache.catalina.startup.HostConfig.reload Reloading context [/report]
30-Oct-2025 10:19:12.475 INFO [Catalina-utility-1] org.apache.catalina.core.StandardContext.reload Reloading Context with name [/report] has started
30-Oct-2025 10:19:12.522 INFO [Catalina-utility-1] org.apache.catalina.core.StandardContext.reload Reloading Context with name [/report] is completed
30-Oct-2025 10:32:32.587 INFO [Catalina-utility-2] org.apache.catalina.startup.HostConfig.reload Reloading context [/report]
30-Oct-2025 10:32:32.588 INFO [Catalina-utility-2] org.apache.catalina.core.StandardContext.reload Reloading Context with name [/report] has started
30-Oct-2025 10:32:32.596 SEVERE [Catalina-utility-2] org.apache.catalina.core.StandardContext.reload Exception starting Context with name [/report]
	org.apache.catalina.LifecycleException: Failed to start component [StandardEngine[Catalina].StandardHost[localhost].StandardContext[/report]]
		at org.apache.catalina.util.LifecycleBase.handleSubClassException(LifecycleBase.java:404)
		at org.apache.catalina.util.LifecycleBase.start(LifecycleBase.java:179)
		at org.apache.catalina.core.StandardContext.reload(StandardContext.java:3258)
		at org.apache.catalina.startup.HostConfig.reload(HostConfig.java:1411)
		at org.apache.catalina.startup.HostConfig.checkResources(HostConfig.java:1386)
		at org.apache.catalina.startup.HostConfig.check(HostConfig.java:1612)
		at org.apache.catalina.startup.HostConfig.lifecycleEvent(HostConfig.java:305)
		at org.apache.catalina.util.LifecycleBase.fireLifecycleEvent(LifecycleBase.java:109)
		at org.apache.catalina.core.ContainerBase.backgroundProcess(ContainerBase.java:971)
		at org.apache.catalina.core.ContainerBase$ContainerBackgroundProcessor.processChildren(ContainerBase.java:1170)
		at org.apache.catalina.core.ContainerBase$ContainerBackgroundProcessor.processChildren(ContainerBase.java:1174)
		at org.apache.catalina.core.ContainerBase$ContainerBackgroundProcessor.run(ContainerBase.java:1152)
		at java.util.concurrent.Executors$RunnableAdapter.call(Executors.java:511)
		at java.util.concurrent.FutureTask.runAndReset(FutureTask.java:308)
		at java.util.concurrent.ScheduledThreadPoolExecutor$ScheduledFutureTask.access$301(ScheduledThreadPoolExecutor.java:180)
		at java.util.concurrent.ScheduledThreadPoolExecutor$ScheduledFutureTask.run(ScheduledThreadPoolExecutor.java:294)
		at java.util.concurrent.ThreadPoolExecutor.runWorker(ThreadPoolExecutor.java:1149)
		at java.util.concurrent.ThreadPoolExecutor$Worker.run(ThreadPoolExecutor.java:624)
		at org.apache.tomcat.util.threads.TaskThread$WrappingRunnable.run(TaskThread.java:63)
		at java.lang.Thread.run(Thread.java:750)
	Caused by: java.lang.IllegalArgumentException: The servlets named [ff] and [FindCGPA] are both mapped to the url-pattern [/find] which is not permitted
		at org.apache.tomcat.util.descriptor.web.WebXml.addServletMappingDecoded(WebXml.java:415)
		at org.apache.tomcat.util.descriptor.web.WebXml.addServletMapping(WebXml.java:406)
		at org.apache.catalina.startup.ContextConfig.processAnnotationWebServlet(ContextConfig.java:2554)
		at org.apache.catalina.startup.ContextConfig.processClass(ContextConfig.java:2260)
		at org.apache.catalina.startup.ContextConfig.processAnnotationsStream(ContextConfig.java:2249)
		at org.apache.catalina.startup.ContextConfig.processAnnotationsWebResource(ContextConfig.java:2160)
		at org.apache.catalina.startup.ContextConfig.processClasses(ContextConfig.java:1360)
		at org.apache.catalina.startup.ContextConfig.webConfig(ContextConfig.java:1270)
		at org.apache.catalina.startup.ContextConfig.configureStart(ContextConfig.java:971)
		at org.apache.catalina.startup.ContextConfig.lifecycleEvent(ContextConfig.java:288)
		at org.apache.catalina.util.LifecycleBase.fireLifecycleEvent(LifecycleBase.java:109)
		at org.apache.catalina.core.StandardContext.startInternal(StandardContext.java:4395)
		at org.apache.catalina.util.LifecycleBase.start(LifecycleBase.java:164)
		... 18 more
30-Oct-2025 10:32:32.597 INFO [Catalina-utility-2] org.apache.catalina.core.StandardContext.reload Reloading Context with name [/report] is completed
30-Oct-2025 10:40:50.069 INFO [main] org.apache.catalina.startup.VersionLoggerListener.log Server version name:   Apache Tomcat/9.0.111
30-Oct-2025 10:40:50.071 INFO [main] org.apache.catalina.startup.VersionLoggerListener.log Server built:          Oct 10 2025 14:13:20 UTC
30-Oct-2025 10:40:50.071 INFO [main] org.apache.catalina.startup.VersionLoggerListener.log Server version number: 9.0.111.0
30-Oct-2025 10:40:50.071 INFO [main] org.apache.catalina.startup.VersionLoggerListener.log OS Name:               Linux
30-Oct-2025 10:40:50.071 INFO [main] org.apache.catalina.startup.VersionLoggerListener.log OS Version:            6.5.0-35-generic
30-Oct-2025 10:40:50.071 INFO [main] org.apache.catalina.startup.VersionLoggerListener.log Architecture:          amd64
30-Oct-2025 10:40:50.071 INFO [main] org.apache.catalina.startup.VersionLoggerListener.log Java Home:             /usr/lib/jvm/java-8-openjdk-amd64/jre
30-Oct-2025 10:40:50.071 INFO [main] org.apache.catalina.startup.VersionLoggerListener.log JVM Version:           1.8.0_402-8u402-ga-2ubuntu1~22.04-b06
30-Oct-2025 10:40:50.071 INFO [main] org.apache.catalina.startup.VersionLoggerListener.log JVM Vendor:            Private Build
30-Oct-2025 10:40:50.071 INFO [main] org.apache.catalina.startup.VersionLoggerListener.log CATALINA_BASE:         /home/mvsr/cse199/servlets/apache-tomcat-9.0.111
30-Oct-2025 10:40:50.071 INFO [main] org.apache.catalina.startup.VersionLoggerListener.log CATALINA_HOME:         /home/mvsr/cse199/servlets/apache-tomcat-9.0.111
30-Oct-2025 10:40:50.071 INFO [main] org.apache.catalina.startup.VersionLoggerListener.log Command line argument: -Djava.util.logging.config.file=/home/mvsr/cse199/servlets/apache-tomcat-9.0.111/conf/logging.properties
30-Oct-2025 10:40:50.072 INFO [main] org.apache.catalina.startup.VersionLoggerListener.log Command line argument: -Djava.util.logging.manager=org.apache.juli.ClassLoaderLogManager
30-Oct-2025 10:40:50.072 INFO [main] org.apache.catalina.startup.VersionLoggerListener.log Command line argument: -Djdk.tls.ephemeralDHKeySize=2048
30-Oct-2025 10:40:50.072 INFO [main] org.apache.catalina.startup.VersionLoggerListener.log Command line argument: -Djava.protocol.handler.pkgs=org.apache.catalina.webresources
30-Oct-2025 10:40:50.072 INFO [main] org.apache.catalina.startup.VersionLoggerListener.log Command line argument: -Dsun.io.useCanonCaches=false
30-Oct-2025 10:40:50.072 INFO [main] org.apache.catalina.startup.VersionLoggerListener.log Command line argument: -Dorg.apache.catalina.security.SecurityListener.UMASK=0027
30-Oct-2025 10:40:50.072 INFO [main] org.apache.catalina.startup.VersionLoggerListener.log Command line argument: -Dignore.endorsed.dirs=
30-Oct-2025 10:40:50.072 INFO [main] org.apache.catalina.startup.VersionLoggerListener.log Command line argument: -Dcatalina.base=/home/mvsr/cse199/servlets/apache-tomcat-9.0.111
30-Oct-2025 10:40:50.072 INFO [main] org.apache.catalina.startup.VersionLoggerListener.log Command line argument: -Dcatalina.home=/home/mvsr/cse199/servlets/apache-tomcat-9.0.111
30-Oct-2025 10:40:50.072 INFO [main] org.apache.catalina.startup.VersionLoggerListener.log Command line argument: -Djava.io.tmpdir=/home/mvsr/cse199/servlets/apache-tomcat-9.0.111/temp
30-Oct-2025 10:40:50.073 INFO [main] org.apache.catalina.core.AprLifecycleListener.lifecycleEvent The Apache Tomcat Native library which allows using OpenSSL was not found on the java.library.path: [/usr/java/packages/lib/amd64:/usr/lib/x86_64-linux-gnu/jni:/lib/x86_64-linux-gnu:/usr/lib/x86_64-linux-gnu:/usr/lib/jni:/lib:/usr/lib]
30-Oct-2025 10:40:50.284 INFO [main] org.apache.coyote.AbstractProtocol.init Initializing ProtocolHandler ["http-nio-8080"]
30-Oct-2025 10:40:50.293 SEVERE [main] org.apache.catalina.util.LifecycleBase.handleSubClassException Failed to initialize component [Connector["http-nio-8080"]]
	org.apache.catalina.LifecycleException: Protocol handler initialization failed
		at org.apache.catalina.connector.Connector.initInternal(Connector.java:1070)
		at org.apache.catalina.util.LifecycleBase.init(LifecycleBase.java:122)
		at org.apache.catalina.core.StandardService.initInternal(StandardService.java:520)
		at org.apache.catalina.util.LifecycleBase.init(LifecycleBase.java:122)
		at org.apache.catalina.core.StandardServer.initInternal(StandardServer.java:984)
		at org.apache.catalina.util.LifecycleBase.init(LifecycleBase.java:122)
		at org.apache.catalina.startup.Catalina.load(Catalina.java:687)
		at org.apache.catalina.startup.Catalina.load(Catalina.java:710)
		at sun.reflect.NativeMethodAccessorImpl.invoke0(Native Method)
		at sun.reflect.NativeMethodAccessorImpl.invoke(NativeMethodAccessorImpl.java:62)
		at sun.reflect.DelegatingMethodAccessorImpl.invoke(DelegatingMethodAccessorImpl.java:43)
		at java.lang.reflect.Method.invoke(Method.java:498)
		at org.apache.catalina.startup.Bootstrap.load(Bootstrap.java:299)
		at org.apache.catalina.startup.Bootstrap.main(Bootstrap.java:472)
	Caused by: java.net.BindException: Address already in use
		at sun.nio.ch.Net.bind0(Native Method)
		at sun.nio.ch.Net.bind(Net.java:461)
		at sun.nio.ch.Net.bind(Net.java:453)
		at sun.nio.ch.ServerSocketChannelImpl.bind(ServerSocketChannelImpl.java:222)
		at org.apache.tomcat.util.net.NioEndpoint.initServerSocket(NioEndpoint.java:296)
		at org.apache.tomcat.util.net.NioEndpoint.bind(NioEndpoint.java:251)
		at org.apache.tomcat.util.net.AbstractEndpoint.bindWithCleanup(AbstractEndpoint.java:1464)
		at org.apache.tomcat.util.net.AbstractEndpoint.init(AbstractEndpoint.java:1477)
		at org.apache.coyote.AbstractProtocol.init(AbstractProtocol.java:663)
		at org.apache.coyote.http11.AbstractHttp11Protocol.init(AbstractHttp11Protocol.java:80)
		at org.apache.catalina.connector.Connector.initInternal(Connector.java:1068)
		... 13 more
30-Oct-2025 10:40:50.294 INFO [main] org.apache.catalina.startup.Catalina.load Server initialization in [329] milliseconds
30-Oct-2025 10:40:50.315 INFO [main] org.apache.catalina.core.StandardService.startInternal Starting service [Catalina]
30-Oct-2025 10:40:50.315 INFO [main] org.apache.catalina.core.StandardEngine.startInternal Starting Servlet engine: [Apache Tomcat/9.0.111]
30-Oct-2025 10:40:50.319 INFO [main] org.apache.catalina.startup.HostConfig.deployDirectory Deploying web application directory [/home/mvsr/cse199/servlets/apache-tomcat-9.0.111/webapps/docs]
30-Oct-2025 10:40:50.485 INFO [main] org.apache.catalina.startup.HostConfig.deployDirectory Deployment of web application directory [/home/mvsr/cse199/servlets/apache-tomcat-9.0.111/webapps/docs] has finished in [166] ms
30-Oct-2025 10:40:50.486 INFO [main] org.apache.catalina.startup.HostConfig.deployDirectory Deploying web application directory [/home/mvsr/cse199/servlets/apache-tomcat-9.0.111/webapps/list]
30-Oct-2025 10:40:50.512 INFO [main] org.apache.catalina.startup.HostConfig.deployDirectory Deployment of web application directory [/home/mvsr/cse199/servlets/apache-tomcat-9.0.111/webapps/list] has finished in [26] ms
30-Oct-2025 10:40:50.512 INFO [main] org.apache.catalina.startup.HostConfig.deployDirectory Deploying web application directory [/home/mvsr/cse199/servlets/apache-tomcat-9.0.111/webapps/ex]
30-Oct-2025 10:40:50.527 INFO [main] org.apache.catalina.startup.HostConfig.deployDirectory Deployment of web application directory [/home/mvsr/cse199/servlets/apache-tomcat-9.0.111/webapps/ex] has finished in [15] ms
30-Oct-2025 10:40:50.527 INFO [main] org.apache.catalina.startup.HostConfig.deployDirectory Deploying web application directory [/home/mvsr/cse199/servlets/apache-tomcat-9.0.111/webapps/report]
30-Oct-2025 10:40:50.540 INFO [main] org.apache.catalina.startup.HostConfig.deployDirectory Deployment of web application directory [/home/mvsr/cse199/servlets/apache-tomcat-9.0.111/webapps/report] has finished in [13] ms
30-Oct-2025 10:40:50.541 INFO [main] org.apache.catalina.startup.HostConfig.deployDirectory Deploying web application directory [/home/mvsr/cse199/servlets/apache-tomcat-9.0.111/webapps/fact]
30-Oct-2025 10:40:50.556 INFO [main] org.apache.catalina.startup.HostConfig.deployDirectory Deployment of web application directory [/home/mvsr/cse199/servlets/apache-tomcat-9.0.111/webapps/fact] has finished in [16] ms
30-Oct-2025 10:40:50.557 INFO [main] org.apache.catalina.startup.HostConfig.deployDirectory Deploying web application directory [/home/mvsr/cse199/servlets/apache-tomcat-9.0.111/webapps/examples]
30-Oct-2025 10:40:50.688 INFO [main] org.apache.catalina.startup.HostConfig.deployDirectory Deployment of web application directory [/home/mvsr/cse199/servlets/apache-tomcat-9.0.111/webapps/examples] has finished in [132] ms
30-Oct-2025 10:40:50.688 INFO [main] org.apache.catalina.startup.HostConfig.deployDirectory Deploying web application directory [/home/mvsr/cse199/servlets/apache-tomcat-9.0.111/webapps/ROOT]
30-Oct-2025 10:40:50.697 INFO [main] org.apache.catalina.startup.HostConfig.deployDirectory Deployment of web application directory [/home/mvsr/cse199/servlets/apache-tomcat-9.0.111/webapps/ROOT] has finished in [9] ms
30-Oct-2025 10:40:50.697 INFO [main] org.apache.catalina.startup.HostConfig.deployDirectory Deploying web application directory [/home/mvsr/cse199/servlets/apache-tomcat-9.0.111/webapps/host-manager]
30-Oct-2025 10:40:50.710 INFO [main] org.apache.catalina.startup.HostConfig.deployDirectory Deployment of web application directory [/home/mvsr/cse199/servlets/apache-tomcat-9.0.111/webapps/host-manager] has finished in [13] ms
30-Oct-2025 10:40:50.710 INFO [main] org.apache.catalina.startup.HostConfig.deployDirectory Deploying web application directory [/home/mvsr/cse199/servlets/apache-tomcat-9.0.111/webapps/manager]
30-Oct-2025 10:40:50.721 INFO [main] org.apache.catalina.startup.HostConfig.deployDirectory Deployment of web application directory [/home/mvsr/cse199/servlets/apache-tomcat-9.0.111/webapps/manager] has finished in [11] ms
30-Oct-2025 10:40:50.724 INFO [main] org.apache.catalina.startup.Catalina.start Server startup in [430] milliseconds
30-Oct-2025 10:40:50.726 SEVERE [main] org.apache.catalina.core.StandardServer.await Failed to create server shutdown socket on address [localhost] and port [8005] (base port [8005] and offset [0])
	java.net.BindException: Address already in use (Bind failed)
		at java.net.PlainSocketImpl.socketBind(Native Method)
		at java.net.AbstractPlainSocketImpl.bind(AbstractPlainSocketImpl.java:387)
		at java.net.ServerSocket.bind(ServerSocket.java:390)
		at java.net.ServerSocket.<init>(ServerSocket.java:252)
		at org.apache.catalina.core.StandardServer.await(StandardServer.java:535)
		at org.apache.catalina.startup.Catalina.await(Catalina.java:826)
		at org.apache.catalina.startup.Catalina.start(Catalina.java:774)
		at sun.reflect.NativeMethodAccessorImpl.invoke0(Native Method)
		at sun.reflect.NativeMethodAccessorImpl.invoke(NativeMethodAccessorImpl.java:62)
		at sun.reflect.DelegatingMethodAccessorImpl.invoke(DelegatingMethodAccessorImpl.java:43)
		at java.lang.reflect.Method.invoke(Method.java:498)
		at org.apache.catalina.startup.Bootstrap.start(Bootstrap.java:342)
		at org.apache.catalina.startup.Bootstrap.main(Bootstrap.java:473)
30-Oct-2025 10:40:50.726 INFO [main] org.apache.coyote.AbstractProtocol.pause Pausing ProtocolHandler ["http-nio-8080"]
30-Oct-2025 10:40:50.726 INFO [main] org.apache.catalina.core.StandardService.stopInternal Stopping service [Catalina]
30-Oct-2025 10:40:50.744 INFO [main] org.apache.coyote.AbstractProtocol.stop Stopping ProtocolHandler ["http-nio-8080"]
30-Oct-2025 10:40:50.745 INFO [main] org.apache.coyote.AbstractProtocol.destroy Destroying ProtocolHandler ["http-nio-8080"]
30-Oct-2025 10:44:02.648 INFO [Catalina-utility-2] org.apache.catalina.startup.HostConfig.reload Reloading context [/report]
30-Oct-2025 10:48:12.677 INFO [Catalina-utility-2] org.apache.catalina.startup.HostConfig.reload Reloading context [/report]
30-Oct-2025 10:48:12.677 INFO [Catalina-utility-2] org.apache.catalina.core.StandardContext.reload Reloading Context with name [/report] has started
30-Oct-2025 10:48:12.688 INFO [Catalina-utility-2] org.apache.catalina.core.StandardContext.reload Reloading Context with name [/report] is completed
30-Oct-2025 10:50:02.696 INFO [Catalina-utility-2] org.apache.catalina.startup.HostConfig.reload Reloading context [/report]
30-Oct-2025 10:50:02.697 INFO [Catalina-utility-2] org.apache.catalina.core.StandardContext.reload Reloading Context with name [/report] has started
30-Oct-2025 10:50:02.706 INFO [Catalina-utility-2] org.apache.catalina.core.StandardContext.reload Reloading Context with name [/report] is completed
30-Oct-2025 10:50:42.710 INFO [Catalina-utility-1] org.apache.catalina.startup.HostConfig.reload Reloading context [/report]
30-Oct-2025 10:50:42.710 INFO [Catalina-utility-1] org.apache.catalina.core.StandardContext.reload Reloading Context with name [/report] has started
30-Oct-2025 10:50:42.722 INFO [Catalina-utility-1] org.apache.catalina.core.StandardContext.reload Reloading Context with name [/report] is completed
30-Oct-2025 10:51:13.225 INFO [Catalina-utility-1] org.apache.catalina.startup.HostConfig.undeploy Undeploying context [/report]
30-Oct-2025 10:51:13.228 INFO [Catalina-utility-1] org.apache.catalina.startup.HostConfig.deployDirectory Deploying web application directory [/home/mvsr/cse199/servlets/apache-tomcat-9.0.111/webapps/Report]
30-Oct-2025 10:51:13.237 INFO [Catalina-utility-1] org.apache.catalina.startup.HostConfig.deployDirectory Deployment of web application directory [/home/mvsr/cse199/servlets/apache-tomcat-9.0.111/webapps/Report] has finished in [9] ms
30-Oct-2025 10:56:03.259 INFO [Catalina-utility-1] org.apache.catalina.startup.HostConfig.reload Reloading context [/Report]
30-Oct-2025 10:56:03.259 INFO [Catalina-utility-1] org.apache.catalina.core.StandardContext.reload Reloading Context with name [/Report] has started
30-Oct-2025 10:56:03.276 INFO [Catalina-utility-1] org.apache.catalina.core.StandardContext.reload Reloading Context with name [/Report] is completed
30-Oct-2025 10:57:33.283 INFO [Catalina-utility-1] org.apache.catalina.startup.HostConfig.reload Reloading context [/Report]
30-Oct-2025 10:57:33.283 INFO [Catalina-utility-1] org.apache.catalina.core.StandardContext.reload Reloading Context with name [/Report] has started
30-Oct-2025 10:57:33.293 INFO [Catalina-utility-1] org.apache.catalina.core.StandardContext.reload Reloading Context with name [/Report] is completed
30-Oct-2025 10:58:23.297 INFO [Catalina-utility-2] org.apache.catalina.startup.HostConfig.reload Reloading context [/Report]
30-Oct-2025 10:58:23.297 INFO [Catalina-utility-2] org.apache.catalina.core.StandardContext.reload Reloading Context with name [/Report] has started
30-Oct-2025 10:58:23.309 INFO [Catalina-utility-2] org.apache.catalina.core.StandardContext.reload Reloading Context with name [/Report] is completed
