23-Oct-2025 11:17:37.698 INFO [main] org.apache.catalina.startup.VersionLoggerListener.log Server version name:   Apache Tomcat/9.0.111
23-Oct-2025 11:17:37.700 INFO [main] org.apache.catalina.startup.VersionLoggerListener.log Server built:          Oct 10 2025 14:13:20 UTC
23-Oct-2025 11:17:37.707 INFO [main] org.apache.catalina.startup.VersionLoggerListener.log Server version number: 9.0.111.0
23-Oct-2025 11:17:37.707 INFO [main] org.apache.catalina.startup.VersionLoggerListener.log OS Name:               Linux
23-Oct-2025 11:17:37.707 INFO [main] org.apache.catalina.startup.VersionLoggerListener.log OS Version:            6.5.0-35-generic
23-Oct-2025 11:17:37.707 INFO [main] org.apache.catalina.startup.VersionLoggerListener.log Architecture:          amd64
23-Oct-2025 11:17:37.707 INFO [main] org.apache.catalina.startup.VersionLoggerListener.log Java Home:             /usr/lib/jvm/java-8-openjdk-amd64/jre
23-Oct-2025 11:17:37.707 INFO [main] org.apache.catalina.startup.VersionLoggerListener.log JVM Version:           1.8.0_402-8u402-ga-2ubuntu1~22.04-b06
23-Oct-2025 11:17:37.707 INFO [main] org.apache.catalina.startup.VersionLoggerListener.log JVM Vendor:            Private Build
23-Oct-2025 11:17:37.707 INFO [main] org.apache.catalina.startup.VersionLoggerListener.log CATALINA_BASE:         /home/mvsr/cse199/servlets/apache-tomcat-9.0.111
23-Oct-2025 11:17:37.707 INFO [main] org.apache.catalina.startup.VersionLoggerListener.log CATALINA_HOME:         /home/mvsr/cse199/servlets/apache-tomcat-9.0.111
23-Oct-2025 11:17:37.735 INFO [main] org.apache.catalina.startup.VersionLoggerListener.log Command line argument: -Djava.util.logging.config.file=/home/mvsr/cse199/servlets/apache-tomcat-9.0.111/conf/logging.properties
23-Oct-2025 11:17:37.735 INFO [main] org.apache.catalina.startup.VersionLoggerListener.log Command line argument: -Djava.util.logging.manager=org.apache.juli.ClassLoaderLogManager
23-Oct-2025 11:17:37.735 INFO [main] org.apache.catalina.startup.VersionLoggerListener.log Command line argument: -Djdk.tls.ephemeralDHKeySize=2048
23-Oct-2025 11:17:37.735 INFO [main] org.apache.catalina.startup.VersionLoggerListener.log Command line argument: -Djava.protocol.handler.pkgs=org.apache.catalina.webresources
23-Oct-2025 11:17:37.735 INFO [main] org.apache.catalina.startup.VersionLoggerListener.log Command line argument: -Dsun.io.useCanonCaches=false
23-Oct-2025 11:17:37.735 INFO [main] org.apache.catalina.startup.VersionLoggerListener.log Command line argument: -Dorg.apache.catalina.security.SecurityListener.UMASK=0027
23-Oct-2025 11:17:37.735 INFO [main] org.apache.catalina.startup.VersionLoggerListener.log Command line argument: -Dignore.endorsed.dirs=
23-Oct-2025 11:17:37.735 INFO [main] org.apache.catalina.startup.VersionLoggerListener.log Command line argument: -Dcatalina.base=/home/mvsr/cse199/servlets/apache-tomcat-9.0.111
23-Oct-2025 11:17:37.735 INFO [main] org.apache.catalina.startup.VersionLoggerListener.log Command line argument: -Dcatalina.home=/home/mvsr/cse199/servlets/apache-tomcat-9.0.111
23-Oct-2025 11:17:37.735 INFO [main] org.apache.catalina.startup.VersionLoggerListener.log Command line argument: -Djava.io.tmpdir=/home/mvsr/cse199/servlets/apache-tomcat-9.0.111/temp
23-Oct-2025 11:17:37.745 INFO [main] org.apache.catalina.core.AprLifecycleListener.lifecycleEvent The Apache Tomcat Native library which allows using OpenSSL was not found on the java.library.path: [/usr/java/packages/lib/amd64:/usr/lib/x86_64-linux-gnu/jni:/lib/x86_64-linux-gnu:/usr/lib/x86_64-linux-gnu:/usr/lib/jni:/lib:/usr/lib]
23-Oct-2025 11:17:38.160 INFO [main] org.apache.coyote.AbstractProtocol.init Initializing ProtocolHandler ["http-nio-8080"]
23-Oct-2025 11:17:38.178 INFO [main] org.apache.catalina.startup.Catalina.load Server initialization in [694] milliseconds
23-Oct-2025 11:17:38.239 INFO [main] org.apache.catalina.core.StandardService.startInternal Starting service [Catalina]
23-Oct-2025 11:17:38.239 INFO [main] org.apache.catalina.core.StandardEngine.startInternal Starting Servlet engine: [Apache Tomcat/9.0.111]
23-Oct-2025 11:17:38.244 INFO [main] org.apache.catalina.startup.HostConfig.deployDirectory Deploying web application directory [/home/mvsr/cse199/servlets/apache-tomcat-9.0.111/webapps/docs]
23-Oct-2025 11:17:38.416 INFO [main] org.apache.catalina.startup.HostConfig.deployDirectory Deployment of web application directory [/home/mvsr/cse199/servlets/apache-tomcat-9.0.111/webapps/docs] has finished in [172] ms
23-Oct-2025 11:17:38.416 INFO [main] org.apache.catalina.startup.HostConfig.deployDirectory Deploying web application directory [/home/mvsr/cse199/servlets/apache-tomcat-9.0.111/webapps/examples]
23-Oct-2025 11:17:38.557 INFO [main] org.apache.catalina.startup.HostConfig.deployDirectory Deployment of web application directory [/home/mvsr/cse199/servlets/apache-tomcat-9.0.111/webapps/examples] has finished in [141] ms
23-Oct-2025 11:17:38.558 INFO [main] org.apache.catalina.startup.HostConfig.deployDirectory Deploying web application directory [/home/mvsr/cse199/servlets/apache-tomcat-9.0.111/webapps/ROOT]
23-Oct-2025 11:17:38.567 INFO [main] org.apache.catalina.startup.HostConfig.deployDirectory Deployment of web application directory [/home/mvsr/cse199/servlets/apache-tomcat-9.0.111/webapps/ROOT] has finished in [10] ms
23-Oct-2025 11:17:38.568 INFO [main] org.apache.catalina.startup.HostConfig.deployDirectory Deploying web application directory [/home/mvsr/cse199/servlets/apache-tomcat-9.0.111/webapps/host-manager]
23-Oct-2025 11:17:38.582 INFO [main] org.apache.catalina.startup.HostConfig.deployDirectory Deployment of web application directory [/home/mvsr/cse199/servlets/apache-tomcat-9.0.111/webapps/host-manager] has finished in [14] ms
23-Oct-2025 11:17:38.582 INFO [main] org.apache.catalina.startup.HostConfig.deployDirectory Deploying web application directory [/home/mvsr/cse199/servlets/apache-tomcat-9.0.111/webapps/manager]
23-Oct-2025 11:17:38.594 INFO [main] org.apache.catalina.startup.HostConfig.deployDirectory Deployment of web application directory [/home/mvsr/cse199/servlets/apache-tomcat-9.0.111/webapps/manager] has finished in [12] ms
23-Oct-2025 11:17:38.597 INFO [main] org.apache.coyote.AbstractProtocol.start Starting ProtocolHandler ["http-nio-8080"]
23-Oct-2025 11:17:38.605 INFO [main] org.apache.catalina.startup.Catalina.start Server startup in [426] milliseconds
23-Oct-2025 11:24:08.639 INFO [Catalina-utility-2] org.apache.catalina.startup.HostConfig.deployDirectory Deploying web application directory [/home/mvsr/cse199/servlets/apache-tomcat-9.0.111/webapps/serv1]
23-Oct-2025 11:24:08.660 INFO [Catalina-utility-2] org.apache.catalina.startup.HostConfig.deployDirectory Deployment of web application directory [/home/mvsr/cse199/servlets/apache-tomcat-9.0.111/webapps/serv1] has finished in [21] ms
23-Oct-2025 11:24:29.162 INFO [Catalina-utility-1] org.apache.catalina.startup.HostConfig.undeploy Undeploying context [/serv1]
23-Oct-2025 11:24:29.179 INFO [Catalina-utility-1] org.apache.catalina.startup.HostConfig.deployDirectory Deploying web application directory [/home/mvsr/cse199/servlets/apache-tomcat-9.0.111/webapps/ex]
23-Oct-2025 11:24:29.187 INFO [Catalina-utility-1] org.apache.catalina.startup.HostConfig.deployDirectory Deployment of web application directory [/home/mvsr/cse199/servlets/apache-tomcat-9.0.111/webapps/ex] has finished in [8] ms
23-Oct-2025 11:29:42.404 INFO [main] org.apache.catalina.core.StandardServer.await A valid shutdown command was received via the shutdown port. Stopping the Server instance.
23-Oct-2025 11:29:42.405 INFO [main] org.apache.coyote.AbstractProtocol.pause Pausing ProtocolHandler ["http-nio-8080"]
23-Oct-2025 11:29:42.406 INFO [main] org.apache.catalina.core.StandardService.stopInternal Stopping service [Catalina]
23-Oct-2025 11:29:42.423 INFO [main] org.apache.coyote.AbstractProtocol.stop Stopping ProtocolHandler ["http-nio-8080"]
23-Oct-2025 11:29:42.429 INFO [main] org.apache.coyote.AbstractProtocol.destroy Destroying ProtocolHandler ["http-nio-8080"]
