13-Nov-2025 09:47:13.336 INFO [main] org.apache.catalina.core.ApplicationContext.log ContextListener: contextInitialized()
13-Nov-2025 09:47:13.336 INFO [main] org.apache.catalina.core.ApplicationContext.log SessionListener: contextInitialized()
13-Nov-2025 09:47:13.337 INFO [main] org.apache.catalina.core.ApplicationContext.log ContextListener: attributeAdded('StockTicker', 'async.Stockticker@693fe6c9')
13-Nov-2025 09:47:19.405 INFO [main] org.apache.catalina.core.ApplicationContext.log SessionListener: contextDestroyed()
13-Nov-2025 09:47:19.405 INFO [main] org.apache.catalina.core.ApplicationContext.log ContextListener: contextDestroyed()
13-Nov-2025 09:47:25.146 INFO [main] org.apache.catalina.core.ApplicationContext.log ContextListener: contextInitialized()
13-Nov-2025 09:47:25.146 INFO [main] org.apache.catalina.core.ApplicationContext.log SessionListener: contextInitialized()
13-Nov-2025 09:47:25.147 INFO [main] org.apache.catalina.core.ApplicationContext.log ContextListener: attributeAdded('StockTicker', 'async.Stockticker@693fe6c9')
13-Nov-2025 09:50:18.951 INFO [main] org.apache.catalina.core.ApplicationContext.log SessionListener: contextDestroyed()
13-Nov-2025 09:50:18.951 INFO [main] org.apache.catalina.core.ApplicationContext.log ContextListener: contextDestroyed()
13-Nov-2025 09:50:23.984 INFO [main] org.apache.catalina.core.ApplicationContext.log ContextListener: contextInitialized()
13-Nov-2025 09:50:23.984 INFO [main] org.apache.catalina.core.ApplicationContext.log SessionListener: contextInitialized()
13-Nov-2025 09:50:23.985 INFO [main] org.apache.catalina.core.ApplicationContext.log ContextListener: attributeAdded('StockTicker', 'async.Stockticker@693fe6c9')
13-Nov-2025 09:58:29.432 INFO [main] org.apache.catalina.core.ApplicationContext.log ContextListener: contextInitialized()
13-Nov-2025 09:58:29.432 INFO [main] org.apache.catalina.core.ApplicationContext.log SessionListener: contextInitialized()
13-Nov-2025 09:58:29.433 INFO [main] org.apache.catalina.core.ApplicationContext.log ContextListener: attributeAdded('StockTicker', 'async.Stockticker@2b48a640')
13-Nov-2025 09:58:29.497 INFO [main] org.apache.catalina.core.ApplicationContext.log SessionListener: contextDestroyed()
13-Nov-2025 09:58:29.497 INFO [main] org.apache.catalina.core.ApplicationContext.log ContextListener: contextDestroyed()
13-Nov-2025 10:05:01.985 INFO [main] org.apache.catalina.core.ApplicationContext.log ContextListener: contextInitialized()
13-Nov-2025 10:05:01.985 INFO [main] org.apache.catalina.core.ApplicationContext.log SessionListener: contextInitialized()
13-Nov-2025 10:05:01.986 INFO [main] org.apache.catalina.core.ApplicationContext.log ContextListener: attributeAdded('StockTicker', 'async.Stockticker@ea6147e')
13-Nov-2025 10:05:02.064 INFO [main] org.apache.catalina.core.ApplicationContext.log SessionListener: contextDestroyed()
13-Nov-2025 10:05:02.064 INFO [main] org.apache.catalina.core.ApplicationContext.log ContextListener: contextDestroyed()
13-Nov-2025 10:07:09.619 INFO [main] org.apache.catalina.core.ApplicationContext.log SessionListener: contextDestroyed()
13-Nov-2025 10:07:09.619 INFO [main] org.apache.catalina.core.ApplicationContext.log ContextListener: contextDestroyed()
13-Nov-2025 10:07:15.598 INFO [main] org.apache.catalina.core.ApplicationContext.log ContextListener: contextInitialized()
13-Nov-2025 10:07:15.598 INFO [main] org.apache.catalina.core.ApplicationContext.log SessionListener: contextInitialized()
13-Nov-2025 10:07:15.599 INFO [main] org.apache.catalina.core.ApplicationContext.log ContextListener: attributeAdded('StockTicker', 'async.Stockticker@793be5ca')
13-Nov-2025 10:08:12.123 INFO [main] org.apache.catalina.core.ApplicationContext.log ContextListener: contextInitialized()
13-Nov-2025 10:08:12.124 INFO [main] org.apache.catalina.core.ApplicationContext.log SessionListener: contextInitialized()
13-Nov-2025 10:08:12.125 INFO [main] org.apache.catalina.core.ApplicationContext.log ContextListener: attributeAdded('StockTicker', 'async.Stockticker@932bc4a')
13-Nov-2025 10:08:12.194 INFO [main] org.apache.catalina.core.ApplicationContext.log SessionListener: contextDestroyed()
13-Nov-2025 10:08:12.194 INFO [main] org.apache.catalina.core.ApplicationContext.log ContextListener: contextDestroyed()
13-Nov-2025 10:14:20.039 INFO [main] org.apache.catalina.core.ApplicationContext.log ContextListener: contextInitialized()
13-Nov-2025 10:14:20.040 INFO [main] org.apache.catalina.core.ApplicationContext.log SessionListener: contextInitialized()
13-Nov-2025 10:14:20.040 INFO [main] org.apache.catalina.core.ApplicationContext.log ContextListener: attributeAdded('StockTicker', 'async.Stockticker@29d89d5d')
13-Nov-2025 10:14:20.106 INFO [main] org.apache.catalina.core.ApplicationContext.log SessionListener: contextDestroyed()
13-Nov-2025 10:14:20.106 INFO [main] org.apache.catalina.core.ApplicationContext.log ContextListener: contextDestroyed()
13-Nov-2025 10:23:57.983 INFO [main] org.apache.catalina.core.ApplicationContext.log ContextListener: contextInitialized()
13-Nov-2025 10:23:57.983 INFO [main] org.apache.catalina.core.ApplicationContext.log SessionListener: contextInitialized()
13-Nov-2025 10:23:57.984 INFO [main] org.apache.catalina.core.ApplicationContext.log ContextListener: attributeAdded('StockTicker', 'async.Stockticker@2b48a640')
13-Nov-2025 10:23:58.068 INFO [main] org.apache.catalina.core.ApplicationContext.log SessionListener: contextDestroyed()
13-Nov-2025 10:23:58.068 INFO [main] org.apache.catalina.core.ApplicationContext.log ContextListener: contextDestroyed()
13-Nov-2025 11:25:17.220 INFO [main] org.apache.catalina.core.ApplicationContext.log ContextListener: contextInitialized()
13-Nov-2025 11:25:17.220 INFO [main] org.apache.catalina.core.ApplicationContext.log SessionListener: contextInitialized()
13-Nov-2025 11:25:17.221 INFO [main] org.apache.catalina.core.ApplicationContext.log ContextListener: attributeAdded('StockTicker', 'async.Stockticker@4de4b452')
13-Nov-2025 11:25:17.294 INFO [main] org.apache.catalina.core.ApplicationContext.log SessionListener: contextDestroyed()
13-Nov-2025 11:25:17.294 INFO [main] org.apache.catalina.core.ApplicationContext.log ContextListener: contextDestroyed()
