14-Nov-2025 09:45:51.271 INFO [main] org.apache.catalina.core.ApplicationContext.log ContextListener: contextInitialized()
14-Nov-2025 09:45:51.271 INFO [main] org.apache.catalina.core.ApplicationContext.log SessionListener: contextInitialized()
14-Nov-2025 09:45:51.272 INFO [main] org.apache.catalina.core.ApplicationContext.log ContextListener: attributeAdded('StockTicker', 'async.Stockticker@24fcf36f')
14-Nov-2025 09:56:08.055 INFO [main] org.apache.catalina.core.ApplicationContext.log SessionListener: contextDestroyed()
14-Nov-2025 09:56:08.055 INFO [main] org.apache.catalina.core.ApplicationContext.log ContextListener: contextDestroyed()
14-Nov-2025 09:56:12.495 INFO [main] org.apache.catalina.core.ApplicationContext.log ContextListener: contextInitialized()
14-Nov-2025 09:56:12.495 INFO [main] org.apache.catalina.core.ApplicationContext.log SessionListener: contextInitialized()
14-Nov-2025 09:56:12.496 INFO [main] org.apache.catalina.core.ApplicationContext.log ContextListener: attributeAdded('StockTicker', 'async.Stockticker@24fcf36f')
14-Nov-2025 10:02:33.963 SEVERE [http-nio-8080-exec-7] org.apache.catalina.core.StandardWrapperValve.invoke Servlet.service() for servlet [ff] in context with path [/fact] threw exception
	java.lang.NumberFormatException: null
		at java.lang.Integer.parseInt(Integer.java:542)
		at java.lang.Integer.parseInt(Integer.java:615)
		at FindFact.doGet(FindFact.java:11)
		at javax.servlet.http.HttpServlet.service(HttpServlet.java:529)
		at javax.servlet.http.HttpServlet.service(HttpServlet.java:623)
		at org.apache.catalina.core.ApplicationFilterChain.internalDoFilter(ApplicationFilterChain.java:197)
		at org.apache.catalina.core.ApplicationFilterChain.doFilter(ApplicationFilterChain.java:142)
		at org.apache.tomcat.websocket.server.WsFilter.doFilter(WsFilter.java:51)
		at org.apache.catalina.core.ApplicationFilterChain.internalDoFilter(ApplicationFilterChain.java:166)
		at org.apache.catalina.core.ApplicationFilterChain.doFilter(ApplicationFilterChain.java:142)
		at org.apache.catalina.core.StandardWrapperValve.invoke(StandardWrapperValve.java:166)
		at org.apache.catalina.core.StandardContextValve.invoke(StandardContextValve.java:88)
		at org.apache.catalina.authenticator.AuthenticatorBase.invoke(AuthenticatorBase.java:481)
		at org.apache.catalina.core.StandardHostValve.invoke(StandardHostValve.java:127)
		at org.apache.catalina.valves.ErrorReportValve.invoke(ErrorReportValve.java:83)
		at org.apache.catalina.valves.AbstractAccessLogValve.invoke(AbstractAccessLogValve.java:643)
		at org.apache.catalina.core.StandardEngineValve.invoke(StandardEngineValve.java:72)
		at org.apache.catalina.connector.CoyoteAdapter.service(CoyoteAdapter.java:344)
		at org.apache.coyote.http11.Http11Processor.service(Http11Processor.java:398)
		at org.apache.coyote.AbstractProcessorLight.process(AbstractProcessorLight.java:63)
		at org.apache.coyote.AbstractProtocol$ConnectionHandler.process(AbstractProtocol.java:935)
		at org.apache.tomcat.util.net.NioEndpoint$SocketProcessor.doRun(NioEndpoint.java:1831)
		at org.apache.tomcat.util.net.SocketProcessorBase.run(SocketProcessorBase.java:52)
		at org.apache.tomcat.util.threads.ThreadPoolExecutor.runWorker(ThreadPoolExecutor.java:973)
		at org.apache.tomcat.util.threads.ThreadPoolExecutor$Worker.run(ThreadPoolExecutor.java:491)
		at org.apache.tomcat.util.threads.TaskThread$WrappingRunnable.run(TaskThread.java:63)
		at java.lang.Thread.run(Thread.java:750)
14-Nov-2025 10:32:52.962 INFO [main] org.apache.catalina.core.ApplicationContext.log SessionListener: contextDestroyed()
14-Nov-2025 10:32:52.962 INFO [main] org.apache.catalina.core.ApplicationContext.log ContextListener: contextDestroyed()
14-Nov-2025 10:32:56.049 INFO [main] org.apache.catalina.core.ApplicationContext.log ContextListener: contextInitialized()
14-Nov-2025 10:32:56.049 INFO [main] org.apache.catalina.core.ApplicationContext.log SessionListener: contextInitialized()
14-Nov-2025 10:32:56.049 INFO [main] org.apache.catalina.core.ApplicationContext.log ContextListener: attributeAdded('StockTicker', 'async.Stockticker@24fcf36f')
14-Nov-2025 10:36:43.063 INFO [main] org.apache.catalina.core.ApplicationContext.log SessionListener: contextDestroyed()
14-Nov-2025 10:36:43.063 INFO [main] org.apache.catalina.core.ApplicationContext.log ContextListener: contextDestroyed()
14-Nov-2025 10:36:45.006 INFO [main] org.apache.catalina.core.ApplicationContext.log ContextListener: contextInitialized()
14-Nov-2025 10:36:45.006 INFO [main] org.apache.catalina.core.ApplicationContext.log SessionListener: contextInitialized()
14-Nov-2025 10:36:45.007 INFO [main] org.apache.catalina.core.ApplicationContext.log ContextListener: attributeAdded('StockTicker', 'async.Stockticker@24fcf36f')
14-Nov-2025 10:44:13.114 INFO [main] org.apache.catalina.core.ApplicationContext.log SessionListener: contextDestroyed()
14-Nov-2025 10:44:13.114 INFO [main] org.apache.catalina.core.ApplicationContext.log ContextListener: contextDestroyed()
14-Nov-2025 10:44:15.456 INFO [main] org.apache.catalina.core.ApplicationContext.log ContextListener: contextInitialized()
14-Nov-2025 10:44:15.456 INFO [main] org.apache.catalina.core.ApplicationContext.log SessionListener: contextInitialized()
14-Nov-2025 10:44:15.457 INFO [main] org.apache.catalina.core.ApplicationContext.log ContextListener: attributeAdded('StockTicker', 'async.Stockticker@24fcf36f')
14-Nov-2025 10:55:09.278 INFO [main] org.apache.catalina.core.ApplicationContext.log SessionListener: contextDestroyed()
14-Nov-2025 10:55:09.278 INFO [main] org.apache.catalina.core.ApplicationContext.log ContextListener: contextDestroyed()
14-Nov-2025 10:55:11.485 INFO [main] org.apache.catalina.core.ApplicationContext.log ContextListener: contextInitialized()
14-Nov-2025 10:55:11.485 INFO [main] org.apache.catalina.core.ApplicationContext.log SessionListener: contextInitialized()
14-Nov-2025 10:55:11.486 INFO [main] org.apache.catalina.core.ApplicationContext.log ContextListener: attributeAdded('StockTicker', 'async.Stockticker@24fcf36f')
14-Nov-2025 10:59:35.361 INFO [main] org.apache.catalina.core.ApplicationContext.log SessionListener: contextDestroyed()
14-Nov-2025 10:59:35.361 INFO [main] org.apache.catalina.core.ApplicationContext.log ContextListener: contextDestroyed()
14-Nov-2025 10:59:39.263 INFO [main] org.apache.catalina.core.ApplicationContext.log ContextListener: contextInitialized()
14-Nov-2025 10:59:39.263 INFO [main] org.apache.catalina.core.ApplicationContext.log SessionListener: contextInitialized()
14-Nov-2025 10:59:39.264 INFO [main] org.apache.catalina.core.ApplicationContext.log ContextListener: attributeAdded('StockTicker', 'async.Stockticker@24fcf36f')
