26-Nov-2025 12:04:32.443 INFO [main] org.apache.catalina.startup.VersionLoggerListener.log Server version name:   Apache Tomcat/9.0.111
26-Nov-2025 12:04:32.445 INFO [main] org.apache.catalina.startup.VersionLoggerListener.log Server built:          Oct 10 2025 14:13:20 UTC
26-Nov-2025 12:04:32.445 INFO [main] org.apache.catalina.startup.VersionLoggerListener.log Server version number: 9.0.111.0
26-Nov-2025 12:04:32.445 INFO [main] org.apache.catalina.startup.VersionLoggerListener.log OS Name:               Linux
26-Nov-2025 12:04:32.445 INFO [main] org.apache.catalina.startup.VersionLoggerListener.log OS Version:            6.5.0-35-generic
26-Nov-2025 12:04:32.445 INFO [main] org.apache.catalina.startup.VersionLoggerListener.log Architecture:          amd64
26-Nov-2025 12:04:32.445 INFO [main] org.apache.catalina.startup.VersionLoggerListener.log Java Home:             /usr/lib/jvm/java-8-openjdk-amd64/jre
26-Nov-2025 12:04:32.445 INFO [main] org.apache.catalina.startup.VersionLoggerListener.log JVM Version:           1.8.0_402-8u402-ga-2ubuntu1~22.04-b06
26-Nov-2025 12:04:32.445 INFO [main] org.apache.catalina.startup.VersionLoggerListener.log JVM Vendor:            Private Build
26-Nov-2025 12:04:32.445 INFO [main] org.apache.catalina.startup.VersionLoggerListener.log CATALINA_BASE:         /home/mvsr/303CSE/my-academy/WP/JSP/apache-tomcat-9.0.111
26-Nov-2025 12:04:32.445 INFO [main] org.apache.catalina.startup.VersionLoggerListener.log CATALINA_HOME:         /home/mvsr/303CSE/my-academy/WP/JSP/apache-tomcat-9.0.111
26-Nov-2025 12:04:32.446 INFO [main] org.apache.catalina.startup.VersionLoggerListener.log Command line argument: -Djava.util.logging.config.file=/home/mvsr/303CSE/my-academy/WP/JSP/apache-tomcat-9.0.111/conf/logging.properties
26-Nov-2025 12:04:32.446 INFO [main] org.apache.catalina.startup.VersionLoggerListener.log Command line argument: -Djava.util.logging.manager=org.apache.juli.ClassLoaderLogManager
26-Nov-2025 12:04:32.446 INFO [main] org.apache.catalina.startup.VersionLoggerListener.log Command line argument: -Djdk.tls.ephemeralDHKeySize=2048
26-Nov-2025 12:04:32.446 INFO [main] org.apache.catalina.startup.VersionLoggerListener.log Command line argument: -Djava.protocol.handler.pkgs=org.apache.catalina.webresources
26-Nov-2025 12:04:32.446 INFO [main] org.apache.catalina.startup.VersionLoggerListener.log Command line argument: -Dsun.io.useCanonCaches=false
26-Nov-2025 12:04:32.446 INFO [main] org.apache.catalina.startup.VersionLoggerListener.log Command line argument: -Dorg.apache.catalina.security.SecurityListener.UMASK=0027
26-Nov-2025 12:04:32.446 INFO [main] org.apache.catalina.startup.VersionLoggerListener.log Command line argument: -Dignore.endorsed.dirs=
26-Nov-2025 12:04:32.446 INFO [main] org.apache.catalina.startup.VersionLoggerListener.log Command line argument: -Dcatalina.base=/home/mvsr/303CSE/my-academy/WP/JSP/apache-tomcat-9.0.111
26-Nov-2025 12:04:32.446 INFO [main] org.apache.catalina.startup.VersionLoggerListener.log Command line argument: -Dcatalina.home=/home/mvsr/303CSE/my-academy/WP/JSP/apache-tomcat-9.0.111
26-Nov-2025 12:04:32.446 INFO [main] org.apache.catalina.startup.VersionLoggerListener.log Command line argument: -Djava.io.tmpdir=/home/mvsr/303CSE/my-academy/WP/JSP/apache-tomcat-9.0.111/temp
26-Nov-2025 12:04:32.451 INFO [main] org.apache.catalina.core.AprLifecycleListener.lifecycleEvent The Apache Tomcat Native library which allows using OpenSSL was not found on the java.library.path: [/usr/java/packages/lib/amd64:/usr/lib/x86_64-linux-gnu/jni:/lib/x86_64-linux-gnu:/usr/lib/x86_64-linux-gnu:/usr/lib/jni:/lib:/usr/lib]
26-Nov-2025 12:04:32.690 INFO [main] org.apache.coyote.AbstractProtocol.init Initializing ProtocolHandler ["http-nio-8080"]
26-Nov-2025 12:04:32.709 INFO [main] org.apache.catalina.startup.Catalina.load Server initialization in [380] milliseconds
26-Nov-2025 12:04:32.749 INFO [main] org.apache.catalina.core.StandardService.startInternal Starting service [Catalina]
26-Nov-2025 12:04:32.749 INFO [main] org.apache.catalina.core.StandardEngine.startInternal Starting Servlet engine: [Apache Tomcat/9.0.111]
26-Nov-2025 12:04:32.756 INFO [main] org.apache.catalina.startup.HostConfig.deployDirectory Deploying web application directory [/home/mvsr/303CSE/my-academy/WP/JSP/apache-tomcat-9.0.111/webapps/docs]
26-Nov-2025 12:04:32.908 INFO [main] org.apache.catalina.startup.HostConfig.deployDirectory Deployment of web application directory [/home/mvsr/303CSE/my-academy/WP/JSP/apache-tomcat-9.0.111/webapps/docs] has finished in [152] ms
26-Nov-2025 12:04:32.908 INFO [main] org.apache.catalina.startup.HostConfig.deployDirectory Deploying web application directory [/home/mvsr/303CSE/my-academy/WP/JSP/apache-tomcat-9.0.111/webapps/examples]
26-Nov-2025 12:04:33.069 INFO [main] org.apache.catalina.startup.HostConfig.deployDirectory Deployment of web application directory [/home/mvsr/303CSE/my-academy/WP/JSP/apache-tomcat-9.0.111/webapps/examples] has finished in [161] ms
26-Nov-2025 12:04:33.070 INFO [main] org.apache.catalina.startup.HostConfig.deployDirectory Deploying web application directory [/home/mvsr/303CSE/my-academy/WP/JSP/apache-tomcat-9.0.111/webapps/jspex]
26-Nov-2025 12:04:33.085 INFO [main] org.apache.catalina.startup.HostConfig.deployDirectory Deployment of web application directory [/home/mvsr/303CSE/my-academy/WP/JSP/apache-tomcat-9.0.111/webapps/jspex] has finished in [15] ms
26-Nov-2025 12:04:33.086 INFO [main] org.apache.catalina.startup.HostConfig.deployDirectory Deploying web application directory [/home/mvsr/303CSE/my-academy/WP/JSP/apache-tomcat-9.0.111/webapps/ROOT]
26-Nov-2025 12:04:33.097 INFO [main] org.apache.catalina.startup.HostConfig.deployDirectory Deployment of web application directory [/home/mvsr/303CSE/my-academy/WP/JSP/apache-tomcat-9.0.111/webapps/ROOT] has finished in [11] ms
26-Nov-2025 12:04:33.097 INFO [main] org.apache.catalina.startup.HostConfig.deployDirectory Deploying web application directory [/home/mvsr/303CSE/my-academy/WP/JSP/apache-tomcat-9.0.111/webapps/host-manager]
26-Nov-2025 12:04:33.113 INFO [main] org.apache.catalina.startup.HostConfig.deployDirectory Deployment of web application directory [/home/mvsr/303CSE/my-academy/WP/JSP/apache-tomcat-9.0.111/webapps/host-manager] has finished in [16] ms
26-Nov-2025 12:04:33.114 INFO [main] org.apache.catalina.startup.HostConfig.deployDirectory Deploying web application directory [/home/mvsr/303CSE/my-academy/WP/JSP/apache-tomcat-9.0.111/webapps/manager]
26-Nov-2025 12:04:33.128 INFO [main] org.apache.catalina.startup.HostConfig.deployDirectory Deployment of web application directory [/home/mvsr/303CSE/my-academy/WP/JSP/apache-tomcat-9.0.111/webapps/manager] has finished in [14] ms
26-Nov-2025 12:04:33.131 INFO [main] org.apache.coyote.AbstractProtocol.start Starting ProtocolHandler ["http-nio-8080"]
26-Nov-2025 12:04:33.137 INFO [main] org.apache.catalina.startup.Catalina.start Server startup in [427] milliseconds
26-Nov-2025 12:19:49.146 INFO [main] org.apache.catalina.core.StandardServer.await A valid shutdown command was received via the shutdown port. Stopping the Server instance.
26-Nov-2025 12:19:49.146 INFO [main] org.apache.coyote.AbstractProtocol.pause Pausing ProtocolHandler ["http-nio-8080"]
26-Nov-2025 12:19:49.148 INFO [main] org.apache.catalina.core.StandardService.stopInternal Stopping service [Catalina]
26-Nov-2025 12:19:49.162 INFO [main] org.apache.coyote.AbstractProtocol.stop Stopping ProtocolHandler ["http-nio-8080"]
26-Nov-2025 12:19:49.170 INFO [main] org.apache.coyote.AbstractProtocol.destroy Destroying ProtocolHandler ["http-nio-8080"]
26-Nov-2025 12:19:51.632 INFO [main] org.apache.catalina.startup.VersionLoggerListener.log Server version name:   Apache Tomcat/9.0.111
26-Nov-2025 12:19:51.634 INFO [main] org.apache.catalina.startup.VersionLoggerListener.log Server built:          Oct 10 2025 14:13:20 UTC
26-Nov-2025 12:19:51.634 INFO [main] org.apache.catalina.startup.VersionLoggerListener.log Server version number: 9.0.111.0
26-Nov-2025 12:19:51.634 INFO [main] org.apache.catalina.startup.VersionLoggerListener.log OS Name:               Linux
26-Nov-2025 12:19:51.634 INFO [main] org.apache.catalina.startup.VersionLoggerListener.log OS Version:            6.5.0-35-generic
26-Nov-2025 12:19:51.634 INFO [main] org.apache.catalina.startup.VersionLoggerListener.log Architecture:          amd64
26-Nov-2025 12:19:51.634 INFO [main] org.apache.catalina.startup.VersionLoggerListener.log Java Home:             /usr/lib/jvm/java-8-openjdk-amd64/jre
26-Nov-2025 12:19:51.634 INFO [main] org.apache.catalina.startup.VersionLoggerListener.log JVM Version:           1.8.0_402-8u402-ga-2ubuntu1~22.04-b06
26-Nov-2025 12:19:51.634 INFO [main] org.apache.catalina.startup.VersionLoggerListener.log JVM Vendor:            Private Build
26-Nov-2025 12:19:51.634 INFO [main] org.apache.catalina.startup.VersionLoggerListener.log CATALINA_BASE:         /home/mvsr/303CSE/my-academy/WP/JSP/apache-tomcat-9.0.111
26-Nov-2025 12:19:51.634 INFO [main] org.apache.catalina.startup.VersionLoggerListener.log CATALINA_HOME:         /home/mvsr/303CSE/my-academy/WP/JSP/apache-tomcat-9.0.111
26-Nov-2025 12:19:51.635 INFO [main] org.apache.catalina.startup.VersionLoggerListener.log Command line argument: -Djava.util.logging.config.file=/home/mvsr/303CSE/my-academy/WP/JSP/apache-tomcat-9.0.111/conf/logging.properties
26-Nov-2025 12:19:51.635 INFO [main] org.apache.catalina.startup.VersionLoggerListener.log Command line argument: -Djava.util.logging.manager=org.apache.juli.ClassLoaderLogManager
26-Nov-2025 12:19:51.635 INFO [main] org.apache.catalina.startup.VersionLoggerListener.log Command line argument: -Djdk.tls.ephemeralDHKeySize=2048
26-Nov-2025 12:19:51.635 INFO [main] org.apache.catalina.startup.VersionLoggerListener.log Command line argument: -Djava.protocol.handler.pkgs=org.apache.catalina.webresources
26-Nov-2025 12:19:51.635 INFO [main] org.apache.catalina.startup.VersionLoggerListener.log Command line argument: -Dsun.io.useCanonCaches=false
26-Nov-2025 12:19:51.635 INFO [main] org.apache.catalina.startup.VersionLoggerListener.log Command line argument: -Dorg.apache.catalina.security.SecurityListener.UMASK=0027
26-Nov-2025 12:19:51.635 INFO [main] org.apache.catalina.startup.VersionLoggerListener.log Command line argument: -Dignore.endorsed.dirs=
26-Nov-2025 12:19:51.635 INFO [main] org.apache.catalina.startup.VersionLoggerListener.log Command line argument: -Dcatalina.base=/home/mvsr/303CSE/my-academy/WP/JSP/apache-tomcat-9.0.111
26-Nov-2025 12:19:51.635 INFO [main] org.apache.catalina.startup.VersionLoggerListener.log Command line argument: -Dcatalina.home=/home/mvsr/303CSE/my-academy/WP/JSP/apache-tomcat-9.0.111
26-Nov-2025 12:19:51.635 INFO [main] org.apache.catalina.startup.VersionLoggerListener.log Command line argument: -Djava.io.tmpdir=/home/mvsr/303CSE/my-academy/WP/JSP/apache-tomcat-9.0.111/temp
26-Nov-2025 12:19:51.636 INFO [main] org.apache.catalina.core.AprLifecycleListener.lifecycleEvent The Apache Tomcat Native library which allows using OpenSSL was not found on the java.library.path: [/usr/java/packages/lib/amd64:/usr/lib/x86_64-linux-gnu/jni:/lib/x86_64-linux-gnu:/usr/lib/x86_64-linux-gnu:/usr/lib/jni:/lib:/usr/lib]
26-Nov-2025 12:19:51.888 INFO [main] org.apache.coyote.AbstractProtocol.init Initializing ProtocolHandler ["http-nio-8080"]
26-Nov-2025 12:19:51.904 INFO [main] org.apache.catalina.startup.Catalina.load Server initialization in [391] milliseconds
26-Nov-2025 12:19:51.927 INFO [main] org.apache.catalina.core.StandardService.startInternal Starting service [Catalina]
26-Nov-2025 12:19:51.927 INFO [main] org.apache.catalina.core.StandardEngine.startInternal Starting Servlet engine: [Apache Tomcat/9.0.111]
26-Nov-2025 12:19:51.931 INFO [main] org.apache.catalina.startup.HostConfig.deployDirectory Deploying web application directory [/home/mvsr/303CSE/my-academy/WP/JSP/apache-tomcat-9.0.111/webapps/docs]
26-Nov-2025 12:19:52.095 INFO [main] org.apache.catalina.startup.HostConfig.deployDirectory Deployment of web application directory [/home/mvsr/303CSE/my-academy/WP/JSP/apache-tomcat-9.0.111/webapps/docs] has finished in [164] ms
26-Nov-2025 12:19:52.096 INFO [main] org.apache.catalina.startup.HostConfig.deployDirectory Deploying web application directory [/home/mvsr/303CSE/my-academy/WP/JSP/apache-tomcat-9.0.111/webapps/examples]
26-Nov-2025 12:19:52.240 INFO [main] org.apache.catalina.startup.HostConfig.deployDirectory Deployment of web application directory [/home/mvsr/303CSE/my-academy/WP/JSP/apache-tomcat-9.0.111/webapps/examples] has finished in [145] ms
26-Nov-2025 12:19:52.240 INFO [main] org.apache.catalina.startup.HostConfig.deployDirectory Deploying web application directory [/home/mvsr/303CSE/my-academy/WP/JSP/apache-tomcat-9.0.111/webapps/jspex]
26-Nov-2025 12:19:52.254 INFO [main] org.apache.catalina.startup.HostConfig.deployDirectory Deployment of web application directory [/home/mvsr/303CSE/my-academy/WP/JSP/apache-tomcat-9.0.111/webapps/jspex] has finished in [14] ms
26-Nov-2025 12:19:52.255 INFO [main] org.apache.catalina.startup.HostConfig.deployDirectory Deploying web application directory [/home/mvsr/303CSE/my-academy/WP/JSP/apache-tomcat-9.0.111/webapps/ROOT]
26-Nov-2025 12:19:52.264 INFO [main] org.apache.catalina.startup.HostConfig.deployDirectory Deployment of web application directory [/home/mvsr/303CSE/my-academy/WP/JSP/apache-tomcat-9.0.111/webapps/ROOT] has finished in [9] ms
26-Nov-2025 12:19:52.264 INFO [main] org.apache.catalina.startup.HostConfig.deployDirectory Deploying web application directory [/home/mvsr/303CSE/my-academy/WP/JSP/apache-tomcat-9.0.111/webapps/host-manager]
26-Nov-2025 12:19:52.277 INFO [main] org.apache.catalina.startup.HostConfig.deployDirectory Deployment of web application directory [/home/mvsr/303CSE/my-academy/WP/JSP/apache-tomcat-9.0.111/webapps/host-manager] has finished in [13] ms
26-Nov-2025 12:19:52.278 INFO [main] org.apache.catalina.startup.HostConfig.deployDirectory Deploying web application directory [/home/mvsr/303CSE/my-academy/WP/JSP/apache-tomcat-9.0.111/webapps/manager]
26-Nov-2025 12:19:52.290 INFO [main] org.apache.catalina.startup.HostConfig.deployDirectory Deployment of web application directory [/home/mvsr/303CSE/my-academy/WP/JSP/apache-tomcat-9.0.111/webapps/manager] has finished in [12] ms
26-Nov-2025 12:19:52.293 INFO [main] org.apache.coyote.AbstractProtocol.start Starting ProtocolHandler ["http-nio-8080"]
26-Nov-2025 12:19:52.300 INFO [main] org.apache.catalina.startup.Catalina.start Server startup in [396] milliseconds
26-Nov-2025 12:49:52.459 INFO [Catalina-utility-2] org.apache.catalina.startup.HostConfig.deployDirectory Deploying web application directory [/home/mvsr/303CSE/my-academy/WP/JSP/apache-tomcat-9.0.111/webapps/jsp-jdbc]
26-Nov-2025 12:49:52.469 INFO [Catalina-utility-2] org.apache.catalina.startup.HostConfig.deployDirectory Deployment of web application directory [/home/mvsr/303CSE/my-academy/WP/JSP/apache-tomcat-9.0.111/webapps/jsp-jdbc] has finished in [10] ms
26-Nov-2025 13:16:51.412 INFO [main] org.apache.catalina.core.StandardServer.await A valid shutdown command was received via the shutdown port. Stopping the Server instance.
26-Nov-2025 13:16:51.412 INFO [main] org.apache.coyote.AbstractProtocol.pause Pausing ProtocolHandler ["http-nio-8080"]
26-Nov-2025 13:16:51.414 INFO [main] org.apache.catalina.core.StandardService.stopInternal Stopping service [Catalina]
26-Nov-2025 13:16:51.433 INFO [main] org.apache.coyote.AbstractProtocol.stop Stopping ProtocolHandler ["http-nio-8080"]
26-Nov-2025 13:16:51.436 INFO [main] org.apache.coyote.AbstractProtocol.destroy Destroying ProtocolHandler ["http-nio-8080"]
26-Nov-2025 13:16:53.599 INFO [main] org.apache.catalina.startup.VersionLoggerListener.log Server version name:   Apache Tomcat/9.0.111
26-Nov-2025 13:16:53.600 INFO [main] org.apache.catalina.startup.VersionLoggerListener.log Server built:          Oct 10 2025 14:13:20 UTC
26-Nov-2025 13:16:53.600 INFO [main] org.apache.catalina.startup.VersionLoggerListener.log Server version number: 9.0.111.0
26-Nov-2025 13:16:53.600 INFO [main] org.apache.catalina.startup.VersionLoggerListener.log OS Name:               Linux
26-Nov-2025 13:16:53.600 INFO [main] org.apache.catalina.startup.VersionLoggerListener.log OS Version:            6.5.0-35-generic
26-Nov-2025 13:16:53.600 INFO [main] org.apache.catalina.startup.VersionLoggerListener.log Architecture:          amd64
26-Nov-2025 13:16:53.601 INFO [main] org.apache.catalina.startup.VersionLoggerListener.log Java Home:             /usr/lib/jvm/java-8-openjdk-amd64/jre
26-Nov-2025 13:16:53.601 INFO [main] org.apache.catalina.startup.VersionLoggerListener.log JVM Version:           1.8.0_402-8u402-ga-2ubuntu1~22.04-b06
26-Nov-2025 13:16:53.601 INFO [main] org.apache.catalina.startup.VersionLoggerListener.log JVM Vendor:            Private Build
26-Nov-2025 13:16:53.601 INFO [main] org.apache.catalina.startup.VersionLoggerListener.log CATALINA_BASE:         /home/mvsr/303CSE/my-academy/WP/JSP/apache-tomcat-9.0.111
26-Nov-2025 13:16:53.601 INFO [main] org.apache.catalina.startup.VersionLoggerListener.log CATALINA_HOME:         /home/mvsr/303CSE/my-academy/WP/JSP/apache-tomcat-9.0.111
26-Nov-2025 13:16:53.601 INFO [main] org.apache.catalina.startup.VersionLoggerListener.log Command line argument: -Djava.util.logging.config.file=/home/mvsr/303CSE/my-academy/WP/JSP/apache-tomcat-9.0.111/conf/logging.properties
26-Nov-2025 13:16:53.601 INFO [main] org.apache.catalina.startup.VersionLoggerListener.log Command line argument: -Djava.util.logging.manager=org.apache.juli.ClassLoaderLogManager
26-Nov-2025 13:16:53.601 INFO [main] org.apache.catalina.startup.VersionLoggerListener.log Command line argument: -Djdk.tls.ephemeralDHKeySize=2048
26-Nov-2025 13:16:53.601 INFO [main] org.apache.catalina.startup.VersionLoggerListener.log Command line argument: -Djava.protocol.handler.pkgs=org.apache.catalina.webresources
26-Nov-2025 13:16:53.601 INFO [main] org.apache.catalina.startup.VersionLoggerListener.log Command line argument: -Dsun.io.useCanonCaches=false
26-Nov-2025 13:16:53.601 INFO [main] org.apache.catalina.startup.VersionLoggerListener.log Command line argument: -Dorg.apache.catalina.security.SecurityListener.UMASK=0027
26-Nov-2025 13:16:53.601 INFO [main] org.apache.catalina.startup.VersionLoggerListener.log Command line argument: -Dignore.endorsed.dirs=
26-Nov-2025 13:16:53.602 INFO [main] org.apache.catalina.startup.VersionLoggerListener.log Command line argument: -Dcatalina.base=/home/mvsr/303CSE/my-academy/WP/JSP/apache-tomcat-9.0.111
26-Nov-2025 13:16:53.602 INFO [main] org.apache.catalina.startup.VersionLoggerListener.log Command line argument: -Dcatalina.home=/home/mvsr/303CSE/my-academy/WP/JSP/apache-tomcat-9.0.111
26-Nov-2025 13:16:53.602 INFO [main] org.apache.catalina.startup.VersionLoggerListener.log Command line argument: -Djava.io.tmpdir=/home/mvsr/303CSE/my-academy/WP/JSP/apache-tomcat-9.0.111/temp
26-Nov-2025 13:16:53.603 INFO [main] org.apache.catalina.core.AprLifecycleListener.lifecycleEvent The Apache Tomcat Native library which allows using OpenSSL was not found on the java.library.path: [/usr/java/packages/lib/amd64:/usr/lib/x86_64-linux-gnu/jni:/lib/x86_64-linux-gnu:/usr/lib/x86_64-linux-gnu:/usr/lib/jni:/lib:/usr/lib]
26-Nov-2025 13:16:53.829 INFO [main] org.apache.coyote.AbstractProtocol.init Initializing ProtocolHandler ["http-nio-8080"]
26-Nov-2025 13:16:53.841 INFO [main] org.apache.catalina.startup.Catalina.load Server initialization in [346] milliseconds
26-Nov-2025 13:16:53.860 INFO [main] org.apache.catalina.core.StandardService.startInternal Starting service [Catalina]
26-Nov-2025 13:16:53.860 INFO [main] org.apache.catalina.core.StandardEngine.startInternal Starting Servlet engine: [Apache Tomcat/9.0.111]
26-Nov-2025 13:16:53.865 INFO [main] org.apache.catalina.startup.HostConfig.deployDirectory Deploying web application directory [/home/mvsr/303CSE/my-academy/WP/JSP/apache-tomcat-9.0.111/webapps/docs]
26-Nov-2025 13:16:54.004 INFO [main] org.apache.catalina.startup.HostConfig.deployDirectory Deployment of web application directory [/home/mvsr/303CSE/my-academy/WP/JSP/apache-tomcat-9.0.111/webapps/docs] has finished in [138] ms
26-Nov-2025 13:16:54.004 INFO [main] org.apache.catalina.startup.HostConfig.deployDirectory Deploying web application directory [/home/mvsr/303CSE/my-academy/WP/JSP/apache-tomcat-9.0.111/webapps/jsp-jdbc]
26-Nov-2025 13:16:54.162 INFO [main] org.apache.jasper.servlet.TldScanner.scanJars At least one JAR was scanned for TLDs yet contained no TLDs. Enable debug logging for this logger for a complete list of JARs that were scanned but no TLDs were found in them. Skipping unneeded JARs during scanning can improve startup time and JSP compilation time.
26-Nov-2025 13:16:54.171 INFO [main] org.apache.catalina.startup.HostConfig.deployDirectory Deployment of web application directory [/home/mvsr/303CSE/my-academy/WP/JSP/apache-tomcat-9.0.111/webapps/jsp-jdbc] has finished in [167] ms
26-Nov-2025 13:16:54.171 INFO [main] org.apache.catalina.startup.HostConfig.deployDirectory Deploying web application directory [/home/mvsr/303CSE/my-academy/WP/JSP/apache-tomcat-9.0.111/webapps/examples]
26-Nov-2025 13:16:54.293 INFO [main] org.apache.catalina.startup.HostConfig.deployDirectory Deployment of web application directory [/home/mvsr/303CSE/my-academy/WP/JSP/apache-tomcat-9.0.111/webapps/examples] has finished in [122] ms
26-Nov-2025 13:16:54.293 INFO [main] org.apache.catalina.startup.HostConfig.deployDirectory Deploying web application directory [/home/mvsr/303CSE/my-academy/WP/JSP/apache-tomcat-9.0.111/webapps/jspex]
26-Nov-2025 13:16:54.307 INFO [main] org.apache.catalina.startup.HostConfig.deployDirectory Deployment of web application directory [/home/mvsr/303CSE/my-academy/WP/JSP/apache-tomcat-9.0.111/webapps/jspex] has finished in [13] ms
26-Nov-2025 13:16:54.307 INFO [main] org.apache.catalina.startup.HostConfig.deployDirectory Deploying web application directory [/home/mvsr/303CSE/my-academy/WP/JSP/apache-tomcat-9.0.111/webapps/ROOT]
26-Nov-2025 13:16:54.318 INFO [main] org.apache.catalina.startup.HostConfig.deployDirectory Deployment of web application directory [/home/mvsr/303CSE/my-academy/WP/JSP/apache-tomcat-9.0.111/webapps/ROOT] has finished in [11] ms
26-Nov-2025 13:16:54.319 INFO [main] org.apache.catalina.startup.HostConfig.deployDirectory Deploying web application directory [/home/mvsr/303CSE/my-academy/WP/JSP/apache-tomcat-9.0.111/webapps/host-manager]
26-Nov-2025 13:16:54.336 INFO [main] org.apache.catalina.startup.HostConfig.deployDirectory Deployment of web application directory [/home/mvsr/303CSE/my-academy/WP/JSP/apache-tomcat-9.0.111/webapps/host-manager] has finished in [17] ms
26-Nov-2025 13:16:54.336 INFO [main] org.apache.catalina.startup.HostConfig.deployDirectory Deploying web application directory [/home/mvsr/303CSE/my-academy/WP/JSP/apache-tomcat-9.0.111/webapps/manager]
26-Nov-2025 13:16:54.350 INFO [main] org.apache.catalina.startup.HostConfig.deployDirectory Deployment of web application directory [/home/mvsr/303CSE/my-academy/WP/JSP/apache-tomcat-9.0.111/webapps/manager] has finished in [14] ms
26-Nov-2025 13:16:54.354 INFO [main] org.apache.coyote.AbstractProtocol.start Starting ProtocolHandler ["http-nio-8080"]
26-Nov-2025 13:16:54.361 INFO [main] org.apache.catalina.startup.Catalina.start Server startup in [520] milliseconds
