28-Oct-2025 12:00:38.045 INFO [main] org.apache.catalina.startup.VersionLoggerListener.log Server version name:   Apache Tomcat/9.0.111
28-Oct-2025 12:00:38.056 INFO [main] org.apache.catalina.startup.VersionLoggerListener.log Server built:          Oct 10 2025 14:13:20 UTC
28-Oct-2025 12:00:38.069 INFO [main] org.apache.catalina.startup.VersionLoggerListener.log Server version number: 9.0.111.0
28-Oct-2025 12:00:38.069 INFO [main] org.apache.catalina.startup.VersionLoggerListener.log OS Name:               Linux
28-Oct-2025 12:00:38.070 INFO [main] org.apache.catalina.startup.VersionLoggerListener.log OS Version:            6.5.0-35-generic
28-Oct-2025 12:00:38.070 INFO [main] org.apache.catalina.startup.VersionLoggerListener.log Architecture:          amd64
28-Oct-2025 12:00:38.070 INFO [main] org.apache.catalina.startup.VersionLoggerListener.log Java Home:             /usr/lib/jvm/java-8-openjdk-amd64/jre
28-Oct-2025 12:00:38.070 INFO [main] org.apache.catalina.startup.VersionLoggerListener.log JVM Version:           1.8.0_402-8u402-ga-2ubuntu1~22.04-b06
28-Oct-2025 12:00:38.070 INFO [main] org.apache.catalina.startup.VersionLoggerListener.log JVM Vendor:            Private Build
28-Oct-2025 12:00:38.070 INFO [main] org.apache.catalina.startup.VersionLoggerListener.log CATALINA_BASE:         /home/mvsr/cse199/servlets/apache-tomcat-9.0.111
28-Oct-2025 12:00:38.070 INFO [main] org.apache.catalina.startup.VersionLoggerListener.log CATALINA_HOME:         /home/mvsr/cse199/servlets/apache-tomcat-9.0.111
28-Oct-2025 12:00:38.097 INFO [main] org.apache.catalina.startup.VersionLoggerListener.log Command line argument: -Djava.util.logging.config.file=/home/mvsr/cse199/servlets/apache-tomcat-9.0.111/conf/logging.properties
28-Oct-2025 12:00:38.098 INFO [main] org.apache.catalina.startup.VersionLoggerListener.log Command line argument: -Djava.util.logging.manager=org.apache.juli.ClassLoaderLogManager
28-Oct-2025 12:00:38.098 INFO [main] org.apache.catalina.startup.VersionLoggerListener.log Command line argument: -Djdk.tls.ephemeralDHKeySize=2048
28-Oct-2025 12:00:38.098 INFO [main] org.apache.catalina.startup.VersionLoggerListener.log Command line argument: -Djava.protocol.handler.pkgs=org.apache.catalina.webresources
28-Oct-2025 12:00:38.098 INFO [main] org.apache.catalina.startup.VersionLoggerListener.log Command line argument: -Dsun.io.useCanonCaches=false
28-Oct-2025 12:00:38.098 INFO [main] org.apache.catalina.startup.VersionLoggerListener.log Command line argument: -Dorg.apache.catalina.security.SecurityListener.UMASK=0027
28-Oct-2025 12:00:38.098 INFO [main] org.apache.catalina.startup.VersionLoggerListener.log Command line argument: -Dignore.endorsed.dirs=
28-Oct-2025 12:00:38.098 INFO [main] org.apache.catalina.startup.VersionLoggerListener.log Command line argument: -Dcatalina.base=/home/mvsr/cse199/servlets/apache-tomcat-9.0.111
28-Oct-2025 12:00:38.098 INFO [main] org.apache.catalina.startup.VersionLoggerListener.log Command line argument: -Dcatalina.home=/home/mvsr/cse199/servlets/apache-tomcat-9.0.111
28-Oct-2025 12:00:38.098 INFO [main] org.apache.catalina.startup.VersionLoggerListener.log Command line argument: -Djava.io.tmpdir=/home/mvsr/cse199/servlets/apache-tomcat-9.0.111/temp
28-Oct-2025 12:00:38.108 INFO [main] org.apache.catalina.core.AprLifecycleListener.lifecycleEvent The Apache Tomcat Native library which allows using OpenSSL was not found on the java.library.path: [/usr/java/packages/lib/amd64:/usr/lib/x86_64-linux-gnu/jni:/lib/x86_64-linux-gnu:/usr/lib/x86_64-linux-gnu:/usr/lib/jni:/lib:/usr/lib]
28-Oct-2025 12:00:38.714 INFO [main] org.apache.coyote.AbstractProtocol.init Initializing ProtocolHandler ["http-nio-8080"]
28-Oct-2025 12:00:38.737 INFO [main] org.apache.catalina.startup.Catalina.load Server initialization in [1094] milliseconds
28-Oct-2025 12:00:38.827 INFO [main] org.apache.catalina.core.StandardService.startInternal Starting service [Catalina]
28-Oct-2025 12:00:38.827 INFO [main] org.apache.catalina.core.StandardEngine.startInternal Starting Servlet engine: [Apache Tomcat/9.0.111]
28-Oct-2025 12:00:38.848 INFO [main] org.apache.catalina.startup.HostConfig.deployDirectory Deploying web application directory [/home/mvsr/cse199/servlets/apache-tomcat-9.0.111/webapps/docs]
28-Oct-2025 12:00:39.125 INFO [main] org.apache.catalina.startup.HostConfig.deployDirectory Deployment of web application directory [/home/mvsr/cse199/servlets/apache-tomcat-9.0.111/webapps/docs] has finished in [276] ms
28-Oct-2025 12:00:39.125 INFO [main] org.apache.catalina.startup.HostConfig.deployDirectory Deploying web application directory [/home/mvsr/cse199/servlets/apache-tomcat-9.0.111/webapps/ex]
28-Oct-2025 12:00:39.172 INFO [main] org.apache.catalina.startup.HostConfig.deployDirectory Deployment of web application directory [/home/mvsr/cse199/servlets/apache-tomcat-9.0.111/webapps/ex] has finished in [47] ms
28-Oct-2025 12:00:39.172 INFO [main] org.apache.catalina.startup.HostConfig.deployDirectory Deploying web application directory [/home/mvsr/cse199/servlets/apache-tomcat-9.0.111/webapps/examples]
28-Oct-2025 12:00:39.389 INFO [main] org.apache.catalina.startup.HostConfig.deployDirectory Deployment of web application directory [/home/mvsr/cse199/servlets/apache-tomcat-9.0.111/webapps/examples] has finished in [216] ms
28-Oct-2025 12:00:39.389 INFO [main] org.apache.catalina.startup.HostConfig.deployDirectory Deploying web application directory [/home/mvsr/cse199/servlets/apache-tomcat-9.0.111/webapps/ROOT]
28-Oct-2025 12:00:39.437 INFO [main] org.apache.catalina.startup.HostConfig.deployDirectory Deployment of web application directory [/home/mvsr/cse199/servlets/apache-tomcat-9.0.111/webapps/ROOT] has finished in [47] ms
28-Oct-2025 12:00:39.437 INFO [main] org.apache.catalina.startup.HostConfig.deployDirectory Deploying web application directory [/home/mvsr/cse199/servlets/apache-tomcat-9.0.111/webapps/host-manager]
28-Oct-2025 12:00:39.465 INFO [main] org.apache.catalina.startup.HostConfig.deployDirectory Deployment of web application directory [/home/mvsr/cse199/servlets/apache-tomcat-9.0.111/webapps/host-manager] has finished in [28] ms
28-Oct-2025 12:00:39.465 INFO [main] org.apache.catalina.startup.HostConfig.deployDirectory Deploying web application directory [/home/mvsr/cse199/servlets/apache-tomcat-9.0.111/webapps/manager]
28-Oct-2025 12:00:39.478 INFO [main] org.apache.catalina.startup.HostConfig.deployDirectory Deployment of web application directory [/home/mvsr/cse199/servlets/apache-tomcat-9.0.111/webapps/manager] has finished in [13] ms
28-Oct-2025 12:00:39.481 INFO [main] org.apache.coyote.AbstractProtocol.start Starting ProtocolHandler ["http-nio-8080"]
28-Oct-2025 12:00:39.495 INFO [main] org.apache.catalina.startup.Catalina.start Server startup in [757] milliseconds
28-Oct-2025 12:12:19.551 INFO [Catalina-utility-2] org.apache.catalina.startup.HostConfig.reload Reloading context [/ex]
28-Oct-2025 12:12:19.552 INFO [Catalina-utility-2] org.apache.catalina.core.StandardContext.reload Reloading Context with name [/ex] has started
28-Oct-2025 12:12:19.601 INFO [Catalina-utility-2] org.apache.catalina.core.StandardContext.reload Reloading Context with name [/ex] is completed
28-Oct-2025 12:12:39.603 INFO [Catalina-utility-1] org.apache.catalina.startup.HostConfig.reload Reloading context [/ex]
28-Oct-2025 12:12:39.603 INFO [Catalina-utility-1] org.apache.catalina.core.StandardContext.reload Reloading Context with name [/ex] has started
28-Oct-2025 12:12:39.614 INFO [Catalina-utility-1] org.apache.catalina.core.StandardContext.reload Reloading Context with name [/ex] is completed
28-Oct-2025 12:15:59.630 INFO [Catalina-utility-1] org.apache.catalina.startup.HostConfig.reload Reloading context [/ex]
28-Oct-2025 12:15:59.630 INFO [Catalina-utility-1] org.apache.catalina.core.StandardContext.reload Reloading Context with name [/ex] has started
28-Oct-2025 12:15:59.639 INFO [Catalina-utility-1] org.apache.catalina.core.StandardContext.reload Reloading Context with name [/ex] is completed
28-Oct-2025 12:16:39.642 INFO [Catalina-utility-1] org.apache.catalina.startup.HostConfig.reload Reloading context [/ex]
28-Oct-2025 12:16:39.643 INFO [Catalina-utility-1] org.apache.catalina.core.StandardContext.reload Reloading Context with name [/ex] has started
28-Oct-2025 12:16:39.651 INFO [Catalina-utility-1] org.apache.catalina.core.StandardContext.reload Reloading Context with name [/ex] is completed
28-Oct-2025 12:40:09.752 INFO [Catalina-utility-1] org.apache.catalina.startup.HostConfig.deployDirectory Deploying web application directory [/home/mvsr/cse199/servlets/apache-tomcat-9.0.111/webapps/list]
28-Oct-2025 12:40:09.764 INFO [Catalina-utility-1] org.apache.catalina.startup.HostConfig.deployDirectory Deployment of web application directory [/home/mvsr/cse199/servlets/apache-tomcat-9.0.111/webapps/list] has finished in [13] ms
28-Oct-2025 12:51:34.013 INFO [main] org.apache.catalina.core.StandardServer.await A valid shutdown command was received via the shutdown port. Stopping the Server instance.
28-Oct-2025 12:51:34.013 INFO [main] org.apache.coyote.AbstractProtocol.pause Pausing ProtocolHandler ["http-nio-8080"]
28-Oct-2025 12:51:34.015 INFO [main] org.apache.catalina.core.StandardService.stopInternal Stopping service [Catalina]
28-Oct-2025 12:51:34.027 INFO [main] org.apache.coyote.AbstractProtocol.stop Stopping ProtocolHandler ["http-nio-8080"]
28-Oct-2025 12:51:34.038 INFO [main] org.apache.coyote.AbstractProtocol.destroy Destroying ProtocolHandler ["http-nio-8080"]
28-Oct-2025 12:51:59.247 INFO [main] org.apache.catalina.startup.VersionLoggerListener.log Server version name:   Apache Tomcat/9.0.111
28-Oct-2025 12:51:59.249 INFO [main] org.apache.catalina.startup.VersionLoggerListener.log Server built:          Oct 10 2025 14:13:20 UTC
28-Oct-2025 12:51:59.249 INFO [main] org.apache.catalina.startup.VersionLoggerListener.log Server version number: 9.0.111.0
28-Oct-2025 12:51:59.249 INFO [main] org.apache.catalina.startup.VersionLoggerListener.log OS Name:               Linux
28-Oct-2025 12:51:59.249 INFO [main] org.apache.catalina.startup.VersionLoggerListener.log OS Version:            6.5.0-35-generic
28-Oct-2025 12:51:59.249 INFO [main] org.apache.catalina.startup.VersionLoggerListener.log Architecture:          amd64
28-Oct-2025 12:51:59.249 INFO [main] org.apache.catalina.startup.VersionLoggerListener.log Java Home:             /usr/lib/jvm/java-8-openjdk-amd64/jre
28-Oct-2025 12:51:59.249 INFO [main] org.apache.catalina.startup.VersionLoggerListener.log JVM Version:           1.8.0_402-8u402-ga-2ubuntu1~22.04-b06
28-Oct-2025 12:51:59.249 INFO [main] org.apache.catalina.startup.VersionLoggerListener.log JVM Vendor:            Private Build
28-Oct-2025 12:51:59.249 INFO [main] org.apache.catalina.startup.VersionLoggerListener.log CATALINA_BASE:         /home/mvsr/cse199/servlets/apache-tomcat-9.0.111
28-Oct-2025 12:51:59.250 INFO [main] org.apache.catalina.startup.VersionLoggerListener.log CATALINA_HOME:         /home/mvsr/cse199/servlets/apache-tomcat-9.0.111
28-Oct-2025 12:51:59.250 INFO [main] org.apache.catalina.startup.VersionLoggerListener.log Command line argument: -Djava.util.logging.config.file=/home/mvsr/cse199/servlets/apache-tomcat-9.0.111/conf/logging.properties
28-Oct-2025 12:51:59.250 INFO [main] org.apache.catalina.startup.VersionLoggerListener.log Command line argument: -Djava.util.logging.manager=org.apache.juli.ClassLoaderLogManager
28-Oct-2025 12:51:59.250 INFO [main] org.apache.catalina.startup.VersionLoggerListener.log Command line argument: -Djdk.tls.ephemeralDHKeySize=2048
28-Oct-2025 12:51:59.250 INFO [main] org.apache.catalina.startup.VersionLoggerListener.log Command line argument: -Djava.protocol.handler.pkgs=org.apache.catalina.webresources
28-Oct-2025 12:51:59.250 INFO [main] org.apache.catalina.startup.VersionLoggerListener.log Command line argument: -Dsun.io.useCanonCaches=false
28-Oct-2025 12:51:59.250 INFO [main] org.apache.catalina.startup.VersionLoggerListener.log Command line argument: -Dorg.apache.catalina.security.SecurityListener.UMASK=0027
28-Oct-2025 12:51:59.250 INFO [main] org.apache.catalina.startup.VersionLoggerListener.log Command line argument: -Dignore.endorsed.dirs=
28-Oct-2025 12:51:59.250 INFO [main] org.apache.catalina.startup.VersionLoggerListener.log Command line argument: -Dcatalina.base=/home/mvsr/cse199/servlets/apache-tomcat-9.0.111
28-Oct-2025 12:51:59.250 INFO [main] org.apache.catalina.startup.VersionLoggerListener.log Command line argument: -Dcatalina.home=/home/mvsr/cse199/servlets/apache-tomcat-9.0.111
28-Oct-2025 12:51:59.250 INFO [main] org.apache.catalina.startup.VersionLoggerListener.log Command line argument: -Djava.io.tmpdir=/home/mvsr/cse199/servlets/apache-tomcat-9.0.111/temp
28-Oct-2025 12:51:59.251 INFO [main] org.apache.catalina.core.AprLifecycleListener.lifecycleEvent The Apache Tomcat Native library which allows using OpenSSL was not found on the java.library.path: [/usr/java/packages/lib/amd64:/usr/lib/x86_64-linux-gnu/jni:/lib/x86_64-linux-gnu:/usr/lib/x86_64-linux-gnu:/usr/lib/jni:/lib:/usr/lib]
28-Oct-2025 12:51:59.473 INFO [main] org.apache.coyote.AbstractProtocol.init Initializing ProtocolHandler ["http-nio-8080"]
28-Oct-2025 12:51:59.490 INFO [main] org.apache.catalina.startup.Catalina.load Server initialization in [342] milliseconds
28-Oct-2025 12:51:59.508 INFO [main] org.apache.catalina.core.StandardService.startInternal Starting service [Catalina]
28-Oct-2025 12:51:59.508 INFO [main] org.apache.catalina.core.StandardEngine.startInternal Starting Servlet engine: [Apache Tomcat/9.0.111]
28-Oct-2025 12:51:59.512 INFO [main] org.apache.catalina.startup.HostConfig.deployDirectory Deploying web application directory [/home/mvsr/cse199/servlets/apache-tomcat-9.0.111/webapps/docs]
28-Oct-2025 12:51:59.685 INFO [main] org.apache.catalina.startup.HostConfig.deployDirectory Deployment of web application directory [/home/mvsr/cse199/servlets/apache-tomcat-9.0.111/webapps/docs] has finished in [173] ms
28-Oct-2025 12:51:59.686 INFO [main] org.apache.catalina.startup.HostConfig.deployDirectory Deploying web application directory [/home/mvsr/cse199/servlets/apache-tomcat-9.0.111/webapps/list]
28-Oct-2025 12:51:59.705 INFO [main] org.apache.catalina.startup.HostConfig.deployDirectory Deployment of web application directory [/home/mvsr/cse199/servlets/apache-tomcat-9.0.111/webapps/list] has finished in [19] ms
28-Oct-2025 12:51:59.705 INFO [main] org.apache.catalina.startup.HostConfig.deployDirectory Deploying web application directory [/home/mvsr/cse199/servlets/apache-tomcat-9.0.111/webapps/ex]
28-Oct-2025 12:51:59.725 INFO [main] org.apache.catalina.startup.HostConfig.deployDirectory Deployment of web application directory [/home/mvsr/cse199/servlets/apache-tomcat-9.0.111/webapps/ex] has finished in [20] ms
28-Oct-2025 12:51:59.725 INFO [main] org.apache.catalina.startup.HostConfig.deployDirectory Deploying web application directory [/home/mvsr/cse199/servlets/apache-tomcat-9.0.111/webapps/examples]
28-Oct-2025 12:51:59.866 INFO [main] org.apache.catalina.startup.HostConfig.deployDirectory Deployment of web application directory [/home/mvsr/cse199/servlets/apache-tomcat-9.0.111/webapps/examples] has finished in [141] ms
28-Oct-2025 12:51:59.866 INFO [main] org.apache.catalina.startup.HostConfig.deployDirectory Deploying web application directory [/home/mvsr/cse199/servlets/apache-tomcat-9.0.111/webapps/ROOT]
28-Oct-2025 12:51:59.875 INFO [main] org.apache.catalina.startup.HostConfig.deployDirectory Deployment of web application directory [/home/mvsr/cse199/servlets/apache-tomcat-9.0.111/webapps/ROOT] has finished in [9] ms
28-Oct-2025 12:51:59.876 INFO [main] org.apache.catalina.startup.HostConfig.deployDirectory Deploying web application directory [/home/mvsr/cse199/servlets/apache-tomcat-9.0.111/webapps/host-manager]
28-Oct-2025 12:51:59.890 INFO [main] org.apache.catalina.startup.HostConfig.deployDirectory Deployment of web application directory [/home/mvsr/cse199/servlets/apache-tomcat-9.0.111/webapps/host-manager] has finished in [14] ms
28-Oct-2025 12:51:59.890 INFO [main] org.apache.catalina.startup.HostConfig.deployDirectory Deploying web application directory [/home/mvsr/cse199/servlets/apache-tomcat-9.0.111/webapps/manager]
28-Oct-2025 12:51:59.901 INFO [main] org.apache.catalina.startup.HostConfig.deployDirectory Deployment of web application directory [/home/mvsr/cse199/servlets/apache-tomcat-9.0.111/webapps/manager] has finished in [11] ms
28-Oct-2025 12:51:59.904 INFO [main] org.apache.coyote.AbstractProtocol.start Starting ProtocolHandler ["http-nio-8080"]
28-Oct-2025 12:51:59.911 INFO [main] org.apache.catalina.startup.Catalina.start Server startup in [421] milliseconds
28-Oct-2025 12:58:55.128 INFO [main] org.apache.catalina.startup.VersionLoggerListener.log Server version name:   Apache Tomcat/9.0.111
28-Oct-2025 12:58:55.130 INFO [main] org.apache.catalina.startup.VersionLoggerListener.log Server built:          Oct 10 2025 14:13:20 UTC
28-Oct-2025 12:58:55.130 INFO [main] org.apache.catalina.startup.VersionLoggerListener.log Server version number: 9.0.111.0
28-Oct-2025 12:58:55.130 INFO [main] org.apache.catalina.startup.VersionLoggerListener.log OS Name:               Linux
28-Oct-2025 12:58:55.130 INFO [main] org.apache.catalina.startup.VersionLoggerListener.log OS Version:            6.5.0-35-generic
28-Oct-2025 12:58:55.130 INFO [main] org.apache.catalina.startup.VersionLoggerListener.log Architecture:          amd64
28-Oct-2025 12:58:55.130 INFO [main] org.apache.catalina.startup.VersionLoggerListener.log Java Home:             /usr/lib/jvm/java-8-openjdk-amd64/jre
28-Oct-2025 12:58:55.130 INFO [main] org.apache.catalina.startup.VersionLoggerListener.log JVM Version:           1.8.0_402-8u402-ga-2ubuntu1~22.04-b06
28-Oct-2025 12:58:55.131 INFO [main] org.apache.catalina.startup.VersionLoggerListener.log JVM Vendor:            Private Build
28-Oct-2025 12:58:55.131 INFO [main] org.apache.catalina.startup.VersionLoggerListener.log CATALINA_BASE:         /home/mvsr/cse199/servlets/apache-tomcat-9.0.111
28-Oct-2025 12:58:55.131 INFO [main] org.apache.catalina.startup.VersionLoggerListener.log CATALINA_HOME:         /home/mvsr/cse199/servlets/apache-tomcat-9.0.111
28-Oct-2025 12:58:55.131 INFO [main] org.apache.catalina.startup.VersionLoggerListener.log Command line argument: -Djava.util.logging.config.file=/home/mvsr/cse199/servlets/apache-tomcat-9.0.111/conf/logging.properties
28-Oct-2025 12:58:55.131 INFO [main] org.apache.catalina.startup.VersionLoggerListener.log Command line argument: -Djava.util.logging.manager=org.apache.juli.ClassLoaderLogManager
28-Oct-2025 12:58:55.131 INFO [main] org.apache.catalina.startup.VersionLoggerListener.log Command line argument: -Djdk.tls.ephemeralDHKeySize=2048
28-Oct-2025 12:58:55.131 INFO [main] org.apache.catalina.startup.VersionLoggerListener.log Command line argument: -Djava.protocol.handler.pkgs=org.apache.catalina.webresources
28-Oct-2025 12:58:55.131 INFO [main] org.apache.catalina.startup.VersionLoggerListener.log Command line argument: -Dsun.io.useCanonCaches=false
28-Oct-2025 12:58:55.131 INFO [main] org.apache.catalina.startup.VersionLoggerListener.log Command line argument: -Dorg.apache.catalina.security.SecurityListener.UMASK=0027
28-Oct-2025 12:58:55.131 INFO [main] org.apache.catalina.startup.VersionLoggerListener.log Command line argument: -Dignore.endorsed.dirs=
28-Oct-2025 12:58:55.131 INFO [main] org.apache.catalina.startup.VersionLoggerListener.log Command line argument: -Dcatalina.base=/home/mvsr/cse199/servlets/apache-tomcat-9.0.111
28-Oct-2025 12:58:55.132 INFO [main] org.apache.catalina.startup.VersionLoggerListener.log Command line argument: -Dcatalina.home=/home/mvsr/cse199/servlets/apache-tomcat-9.0.111
28-Oct-2025 12:58:55.132 INFO [main] org.apache.catalina.startup.VersionLoggerListener.log Command line argument: -Djava.io.tmpdir=/home/mvsr/cse199/servlets/apache-tomcat-9.0.111/temp
28-Oct-2025 12:58:55.133 INFO [main] org.apache.catalina.core.AprLifecycleListener.lifecycleEvent The Apache Tomcat Native library which allows using OpenSSL was not found on the java.library.path: [/usr/java/packages/lib/amd64:/usr/lib/x86_64-linux-gnu/jni:/lib/x86_64-linux-gnu:/usr/lib/x86_64-linux-gnu:/usr/lib/jni:/lib:/usr/lib]
28-Oct-2025 12:58:55.359 INFO [main] org.apache.coyote.AbstractProtocol.init Initializing ProtocolHandler ["http-nio-8080"]
28-Oct-2025 12:58:55.367 SEVERE [main] org.apache.catalina.util.LifecycleBase.handleSubClassException Failed to initialize component [Connector["http-nio-8080"]]
	org.apache.catalina.LifecycleException: Protocol handler initialization failed
		at org.apache.catalina.connector.Connector.initInternal(Connector.java:1070)
		at org.apache.catalina.util.LifecycleBase.init(LifecycleBase.java:122)
		at org.apache.catalina.core.StandardService.initInternal(StandardService.java:520)
		at org.apache.catalina.util.LifecycleBase.init(LifecycleBase.java:122)
		at org.apache.catalina.core.StandardServer.initInternal(StandardServer.java:984)
		at org.apache.catalina.util.LifecycleBase.init(LifecycleBase.java:122)
		at org.apache.catalina.startup.Catalina.load(Catalina.java:687)
		at org.apache.catalina.startup.Catalina.load(Catalina.java:710)
		at sun.reflect.NativeMethodAccessorImpl.invoke0(Native Method)
		at sun.reflect.NativeMethodAccessorImpl.invoke(NativeMethodAccessorImpl.java:62)
		at sun.reflect.DelegatingMethodAccessorImpl.invoke(DelegatingMethodAccessorImpl.java:43)
		at java.lang.reflect.Method.invoke(Method.java:498)
		at org.apache.catalina.startup.Bootstrap.load(Bootstrap.java:299)
		at org.apache.catalina.startup.Bootstrap.main(Bootstrap.java:472)
	Caused by: java.net.BindException: Address already in use
		at sun.nio.ch.Net.bind0(Native Method)
		at sun.nio.ch.Net.bind(Net.java:461)
		at sun.nio.ch.Net.bind(Net.java:453)
		at sun.nio.ch.ServerSocketChannelImpl.bind(ServerSocketChannelImpl.java:222)
		at org.apache.tomcat.util.net.NioEndpoint.initServerSocket(NioEndpoint.java:296)
		at org.apache.tomcat.util.net.NioEndpoint.bind(NioEndpoint.java:251)
		at org.apache.tomcat.util.net.AbstractEndpoint.bindWithCleanup(AbstractEndpoint.java:1464)
		at org.apache.tomcat.util.net.AbstractEndpoint.init(AbstractEndpoint.java:1477)
		at org.apache.coyote.AbstractProtocol.init(AbstractProtocol.java:663)
		at org.apache.coyote.http11.AbstractHttp11Protocol.init(AbstractHttp11Protocol.java:80)
		at org.apache.catalina.connector.Connector.initInternal(Connector.java:1068)
		... 13 more
28-Oct-2025 12:58:55.368 INFO [main] org.apache.catalina.startup.Catalina.load Server initialization in [343] milliseconds
28-Oct-2025 12:58:55.386 INFO [main] org.apache.catalina.core.StandardService.startInternal Starting service [Catalina]
28-Oct-2025 12:58:55.386 INFO [main] org.apache.catalina.core.StandardEngine.startInternal Starting Servlet engine: [Apache Tomcat/9.0.111]
28-Oct-2025 12:58:55.392 INFO [main] org.apache.catalina.startup.HostConfig.deployDirectory Deploying web application directory [/home/mvsr/cse199/servlets/apache-tomcat-9.0.111/webapps/docs]
28-Oct-2025 12:58:55.530 INFO [main] org.apache.catalina.startup.HostConfig.deployDirectory Deployment of web application directory [/home/mvsr/cse199/servlets/apache-tomcat-9.0.111/webapps/docs] has finished in [139] ms
28-Oct-2025 12:58:55.531 INFO [main] org.apache.catalina.startup.HostConfig.deployDirectory Deploying web application directory [/home/mvsr/cse199/servlets/apache-tomcat-9.0.111/webapps/list]
28-Oct-2025 12:58:55.546 INFO [main] org.apache.catalina.startup.HostConfig.deployDirectory Deployment of web application directory [/home/mvsr/cse199/servlets/apache-tomcat-9.0.111/webapps/list] has finished in [15] ms
28-Oct-2025 12:58:55.546 INFO [main] org.apache.catalina.startup.HostConfig.deployDirectory Deploying web application directory [/home/mvsr/cse199/servlets/apache-tomcat-9.0.111/webapps/ex]
28-Oct-2025 12:58:55.561 INFO [main] org.apache.catalina.startup.HostConfig.deployDirectory Deployment of web application directory [/home/mvsr/cse199/servlets/apache-tomcat-9.0.111/webapps/ex] has finished in [15] ms
28-Oct-2025 12:58:55.561 INFO [main] org.apache.catalina.startup.HostConfig.deployDirectory Deploying web application directory [/home/mvsr/cse199/servlets/apache-tomcat-9.0.111/webapps/examples]
28-Oct-2025 12:58:55.680 INFO [main] org.apache.catalina.startup.HostConfig.deployDirectory Deployment of web application directory [/home/mvsr/cse199/servlets/apache-tomcat-9.0.111/webapps/examples] has finished in [119] ms
28-Oct-2025 12:58:55.680 INFO [main] org.apache.catalina.startup.HostConfig.deployDirectory Deploying web application directory [/home/mvsr/cse199/servlets/apache-tomcat-9.0.111/webapps/ROOT]
28-Oct-2025 12:58:55.689 INFO [main] org.apache.catalina.startup.HostConfig.deployDirectory Deployment of web application directory [/home/mvsr/cse199/servlets/apache-tomcat-9.0.111/webapps/ROOT] has finished in [9] ms
28-Oct-2025 12:58:55.689 INFO [main] org.apache.catalina.startup.HostConfig.deployDirectory Deploying web application directory [/home/mvsr/cse199/servlets/apache-tomcat-9.0.111/webapps/host-manager]
28-Oct-2025 12:58:55.702 INFO [main] org.apache.catalina.startup.HostConfig.deployDirectory Deployment of web application directory [/home/mvsr/cse199/servlets/apache-tomcat-9.0.111/webapps/host-manager] has finished in [13] ms
28-Oct-2025 12:58:55.702 INFO [main] org.apache.catalina.startup.HostConfig.deployDirectory Deploying web application directory [/home/mvsr/cse199/servlets/apache-tomcat-9.0.111/webapps/manager]
28-Oct-2025 12:58:55.713 INFO [main] org.apache.catalina.startup.HostConfig.deployDirectory Deployment of web application directory [/home/mvsr/cse199/servlets/apache-tomcat-9.0.111/webapps/manager] has finished in [11] ms
28-Oct-2025 12:58:55.716 INFO [main] org.apache.catalina.startup.Catalina.start Server startup in [348] milliseconds
28-Oct-2025 12:58:55.717 SEVERE [main] org.apache.catalina.core.StandardServer.await Failed to create server shutdown socket on address [localhost] and port [8005] (base port [8005] and offset [0])
	java.net.BindException: Address already in use (Bind failed)
		at java.net.PlainSocketImpl.socketBind(Native Method)
		at java.net.AbstractPlainSocketImpl.bind(AbstractPlainSocketImpl.java:387)
		at java.net.ServerSocket.bind(ServerSocket.java:390)
		at java.net.ServerSocket.<init>(ServerSocket.java:252)
		at org.apache.catalina.core.StandardServer.await(StandardServer.java:535)
		at org.apache.catalina.startup.Catalina.await(Catalina.java:826)
		at org.apache.catalina.startup.Catalina.start(Catalina.java:774)
		at sun.reflect.NativeMethodAccessorImpl.invoke0(Native Method)
		at sun.reflect.NativeMethodAccessorImpl.invoke(NativeMethodAccessorImpl.java:62)
		at sun.reflect.DelegatingMethodAccessorImpl.invoke(DelegatingMethodAccessorImpl.java:43)
		at java.lang.reflect.Method.invoke(Method.java:498)
		at org.apache.catalina.startup.Bootstrap.start(Bootstrap.java:342)
		at org.apache.catalina.startup.Bootstrap.main(Bootstrap.java:473)
28-Oct-2025 12:58:55.718 INFO [main] org.apache.coyote.AbstractProtocol.pause Pausing ProtocolHandler ["http-nio-8080"]
28-Oct-2025 12:58:55.718 INFO [main] org.apache.catalina.core.StandardService.stopInternal Stopping service [Catalina]
28-Oct-2025 12:58:55.736 INFO [main] org.apache.coyote.AbstractProtocol.stop Stopping ProtocolHandler ["http-nio-8080"]
28-Oct-2025 12:58:55.737 INFO [main] org.apache.coyote.AbstractProtocol.destroy Destroying ProtocolHandler ["http-nio-8080"]
28-Oct-2025 13:10:08.283 INFO [main] org.apache.catalina.startup.VersionLoggerListener.log Server version name:   Apache Tomcat/9.0.111
28-Oct-2025 13:10:08.284 INFO [main] org.apache.catalina.startup.VersionLoggerListener.log Server built:          Oct 10 2025 14:13:20 UTC
28-Oct-2025 13:10:08.284 INFO [main] org.apache.catalina.startup.VersionLoggerListener.log Server version number: 9.0.111.0
28-Oct-2025 13:10:08.285 INFO [main] org.apache.catalina.startup.VersionLoggerListener.log OS Name:               Linux
28-Oct-2025 13:10:08.285 INFO [main] org.apache.catalina.startup.VersionLoggerListener.log OS Version:            6.5.0-35-generic
28-Oct-2025 13:10:08.285 INFO [main] org.apache.catalina.startup.VersionLoggerListener.log Architecture:          amd64
28-Oct-2025 13:10:08.285 INFO [main] org.apache.catalina.startup.VersionLoggerListener.log Java Home:             /usr/lib/jvm/java-8-openjdk-amd64/jre
28-Oct-2025 13:10:08.285 INFO [main] org.apache.catalina.startup.VersionLoggerListener.log JVM Version:           1.8.0_402-8u402-ga-2ubuntu1~22.04-b06
28-Oct-2025 13:10:08.285 INFO [main] org.apache.catalina.startup.VersionLoggerListener.log JVM Vendor:            Private Build
28-Oct-2025 13:10:08.285 INFO [main] org.apache.catalina.startup.VersionLoggerListener.log CATALINA_BASE:         /home/mvsr/cse199/servlets/apache-tomcat-9.0.111
28-Oct-2025 13:10:08.285 INFO [main] org.apache.catalina.startup.VersionLoggerListener.log CATALINA_HOME:         /home/mvsr/cse199/servlets/apache-tomcat-9.0.111
28-Oct-2025 13:10:08.285 INFO [main] org.apache.catalina.startup.VersionLoggerListener.log Command line argument: -Djava.util.logging.config.file=/home/mvsr/cse199/servlets/apache-tomcat-9.0.111/conf/logging.properties
28-Oct-2025 13:10:08.285 INFO [main] org.apache.catalina.startup.VersionLoggerListener.log Command line argument: -Djava.util.logging.manager=org.apache.juli.ClassLoaderLogManager
28-Oct-2025 13:10:08.285 INFO [main] org.apache.catalina.startup.VersionLoggerListener.log Command line argument: -Djdk.tls.ephemeralDHKeySize=2048
28-Oct-2025 13:10:08.285 INFO [main] org.apache.catalina.startup.VersionLoggerListener.log Command line argument: -Djava.protocol.handler.pkgs=org.apache.catalina.webresources
28-Oct-2025 13:10:08.285 INFO [main] org.apache.catalina.startup.VersionLoggerListener.log Command line argument: -Dsun.io.useCanonCaches=false
28-Oct-2025 13:10:08.286 INFO [main] org.apache.catalina.startup.VersionLoggerListener.log Command line argument: -Dorg.apache.catalina.security.SecurityListener.UMASK=0027
28-Oct-2025 13:10:08.286 INFO [main] org.apache.catalina.startup.VersionLoggerListener.log Command line argument: -Dignore.endorsed.dirs=
28-Oct-2025 13:10:08.286 INFO [main] org.apache.catalina.startup.VersionLoggerListener.log Command line argument: -Dcatalina.base=/home/mvsr/cse199/servlets/apache-tomcat-9.0.111
28-Oct-2025 13:10:08.286 INFO [main] org.apache.catalina.startup.VersionLoggerListener.log Command line argument: -Dcatalina.home=/home/mvsr/cse199/servlets/apache-tomcat-9.0.111
28-Oct-2025 13:10:08.286 INFO [main] org.apache.catalina.startup.VersionLoggerListener.log Command line argument: -Djava.io.tmpdir=/home/mvsr/cse199/servlets/apache-tomcat-9.0.111/temp
28-Oct-2025 13:10:08.287 INFO [main] org.apache.catalina.core.AprLifecycleListener.lifecycleEvent The Apache Tomcat Native library which allows using OpenSSL was not found on the java.library.path: [/usr/java/packages/lib/amd64:/usr/lib/x86_64-linux-gnu/jni:/lib/x86_64-linux-gnu:/usr/lib/x86_64-linux-gnu:/usr/lib/jni:/lib:/usr/lib]
28-Oct-2025 13:10:08.527 INFO [main] org.apache.coyote.AbstractProtocol.init Initializing ProtocolHandler ["http-nio-8080"]
28-Oct-2025 13:10:08.535 SEVERE [main] org.apache.catalina.util.LifecycleBase.handleSubClassException Failed to initialize component [Connector["http-nio-8080"]]
	org.apache.catalina.LifecycleException: Protocol handler initialization failed
		at org.apache.catalina.connector.Connector.initInternal(Connector.java:1070)
		at org.apache.catalina.util.LifecycleBase.init(LifecycleBase.java:122)
		at org.apache.catalina.core.StandardService.initInternal(StandardService.java:520)
		at org.apache.catalina.util.LifecycleBase.init(LifecycleBase.java:122)
		at org.apache.catalina.core.StandardServer.initInternal(StandardServer.java:984)
		at org.apache.catalina.util.LifecycleBase.init(LifecycleBase.java:122)
		at org.apache.catalina.startup.Catalina.load(Catalina.java:687)
		at org.apache.catalina.startup.Catalina.load(Catalina.java:710)
		at sun.reflect.NativeMethodAccessorImpl.invoke0(Native Method)
		at sun.reflect.NativeMethodAccessorImpl.invoke(NativeMethodAccessorImpl.java:62)
		at sun.reflect.DelegatingMethodAccessorImpl.invoke(DelegatingMethodAccessorImpl.java:43)
		at java.lang.reflect.Method.invoke(Method.java:498)
		at org.apache.catalina.startup.Bootstrap.load(Bootstrap.java:299)
		at org.apache.catalina.startup.Bootstrap.main(Bootstrap.java:472)
	Caused by: java.net.BindException: Address already in use
		at sun.nio.ch.Net.bind0(Native Method)
		at sun.nio.ch.Net.bind(Net.java:461)
		at sun.nio.ch.Net.bind(Net.java:453)
		at sun.nio.ch.ServerSocketChannelImpl.bind(ServerSocketChannelImpl.java:222)
		at org.apache.tomcat.util.net.NioEndpoint.initServerSocket(NioEndpoint.java:296)
		at org.apache.tomcat.util.net.NioEndpoint.bind(NioEndpoint.java:251)
		at org.apache.tomcat.util.net.AbstractEndpoint.bindWithCleanup(AbstractEndpoint.java:1464)
		at org.apache.tomcat.util.net.AbstractEndpoint.init(AbstractEndpoint.java:1477)
		at org.apache.coyote.AbstractProtocol.init(AbstractProtocol.java:663)
		at org.apache.coyote.http11.AbstractHttp11Protocol.init(AbstractHttp11Protocol.java:80)
		at org.apache.catalina.connector.Connector.initInternal(Connector.java:1068)
		... 13 more
28-Oct-2025 13:10:08.536 INFO [main] org.apache.catalina.startup.Catalina.load Server initialization in [369] milliseconds
28-Oct-2025 13:10:08.557 INFO [main] org.apache.catalina.core.StandardService.startInternal Starting service [Catalina]
28-Oct-2025 13:10:08.558 INFO [main] org.apache.catalina.core.StandardEngine.startInternal Starting Servlet engine: [Apache Tomcat/9.0.111]
28-Oct-2025 13:10:08.562 INFO [main] org.apache.catalina.startup.HostConfig.deployDirectory Deploying web application directory [/home/mvsr/cse199/servlets/apache-tomcat-9.0.111/webapps/docs]
28-Oct-2025 13:10:08.727 INFO [main] org.apache.catalina.startup.HostConfig.deployDirectory Deployment of web application directory [/home/mvsr/cse199/servlets/apache-tomcat-9.0.111/webapps/docs] has finished in [164] ms
28-Oct-2025 13:10:08.727 INFO [main] org.apache.catalina.startup.HostConfig.deployDirectory Deploying web application directory [/home/mvsr/cse199/servlets/apache-tomcat-9.0.111/webapps/list]
28-Oct-2025 13:10:08.742 INFO [main] org.apache.catalina.startup.HostConfig.deployDirectory Deployment of web application directory [/home/mvsr/cse199/servlets/apache-tomcat-9.0.111/webapps/list] has finished in [15] ms
28-Oct-2025 13:10:08.742 INFO [main] org.apache.catalina.startup.HostConfig.deployDirectory Deploying web application directory [/home/mvsr/cse199/servlets/apache-tomcat-9.0.111/webapps/ex]
28-Oct-2025 13:10:08.757 INFO [main] org.apache.catalina.startup.HostConfig.deployDirectory Deployment of web application directory [/home/mvsr/cse199/servlets/apache-tomcat-9.0.111/webapps/ex] has finished in [15] ms
28-Oct-2025 13:10:08.757 INFO [main] org.apache.catalina.startup.HostConfig.deployDirectory Deploying web application directory [/home/mvsr/cse199/servlets/apache-tomcat-9.0.111/webapps/examples]
28-Oct-2025 13:10:08.881 INFO [main] org.apache.catalina.startup.HostConfig.deployDirectory Deployment of web application directory [/home/mvsr/cse199/servlets/apache-tomcat-9.0.111/webapps/examples] has finished in [124] ms
28-Oct-2025 13:10:08.881 INFO [main] org.apache.catalina.startup.HostConfig.deployDirectory Deploying web application directory [/home/mvsr/cse199/servlets/apache-tomcat-9.0.111/webapps/ROOT]
28-Oct-2025 13:10:08.891 INFO [main] org.apache.catalina.startup.HostConfig.deployDirectory Deployment of web application directory [/home/mvsr/cse199/servlets/apache-tomcat-9.0.111/webapps/ROOT] has finished in [10] ms
28-Oct-2025 13:10:08.891 INFO [main] org.apache.catalina.startup.HostConfig.deployDirectory Deploying web application directory [/home/mvsr/cse199/servlets/apache-tomcat-9.0.111/webapps/host-manager]
28-Oct-2025 13:10:08.905 INFO [main] org.apache.catalina.startup.HostConfig.deployDirectory Deployment of web application directory [/home/mvsr/cse199/servlets/apache-tomcat-9.0.111/webapps/host-manager] has finished in [14] ms
28-Oct-2025 13:10:08.905 INFO [main] org.apache.catalina.startup.HostConfig.deployDirectory Deploying web application directory [/home/mvsr/cse199/servlets/apache-tomcat-9.0.111/webapps/manager]
28-Oct-2025 13:10:08.917 INFO [main] org.apache.catalina.startup.HostConfig.deployDirectory Deployment of web application directory [/home/mvsr/cse199/servlets/apache-tomcat-9.0.111/webapps/manager] has finished in [12] ms
28-Oct-2025 13:10:08.921 INFO [main] org.apache.catalina.startup.Catalina.start Server startup in [384] milliseconds
28-Oct-2025 13:10:08.922 SEVERE [main] org.apache.catalina.core.StandardServer.await Failed to create server shutdown socket on address [localhost] and port [8005] (base port [8005] and offset [0])
	java.net.BindException: Address already in use (Bind failed)
		at java.net.PlainSocketImpl.socketBind(Native Method)
		at java.net.AbstractPlainSocketImpl.bind(AbstractPlainSocketImpl.java:387)
		at java.net.ServerSocket.bind(ServerSocket.java:390)
		at java.net.ServerSocket.<init>(ServerSocket.java:252)
		at org.apache.catalina.core.StandardServer.await(StandardServer.java:535)
		at org.apache.catalina.startup.Catalina.await(Catalina.java:826)
		at org.apache.catalina.startup.Catalina.start(Catalina.java:774)
		at sun.reflect.NativeMethodAccessorImpl.invoke0(Native Method)
		at sun.reflect.NativeMethodAccessorImpl.invoke(NativeMethodAccessorImpl.java:62)
		at sun.reflect.DelegatingMethodAccessorImpl.invoke(DelegatingMethodAccessorImpl.java:43)
		at java.lang.reflect.Method.invoke(Method.java:498)
		at org.apache.catalina.startup.Bootstrap.start(Bootstrap.java:342)
		at org.apache.catalina.startup.Bootstrap.main(Bootstrap.java:473)
28-Oct-2025 13:10:08.922 INFO [main] org.apache.coyote.AbstractProtocol.pause Pausing ProtocolHandler ["http-nio-8080"]
28-Oct-2025 13:10:08.922 INFO [main] org.apache.catalina.core.StandardService.stopInternal Stopping service [Catalina]
28-Oct-2025 13:10:08.937 INFO [main] org.apache.coyote.AbstractProtocol.stop Stopping ProtocolHandler ["http-nio-8080"]
28-Oct-2025 13:10:08.938 INFO [main] org.apache.coyote.AbstractProtocol.destroy Destroying ProtocolHandler ["http-nio-8080"]
28-Oct-2025 13:11:10.011 INFO [Catalina-utility-1] org.apache.catalina.startup.HostConfig.reload Reloading context [/list]
28-Oct-2025 13:11:10.012 INFO [Catalina-utility-1] org.apache.catalina.core.StandardContext.reload Reloading Context with name [/list] has started
28-Oct-2025 13:11:10.029 INFO [Catalina-utility-1] org.apache.catalina.core.StandardContext.reload Reloading Context with name [/list] is completed
28-Oct-2025 13:17:40.060 INFO [Catalina-utility-2] org.apache.catalina.startup.HostConfig.deployDirectory Deploying web application directory [/home/mvsr/cse199/servlets/apache-tomcat-9.0.111/webapps/fac]
28-Oct-2025 13:17:40.071 INFO [Catalina-utility-2] org.apache.catalina.startup.HostConfig.deployDirectory Deployment of web application directory [/home/mvsr/cse199/servlets/apache-tomcat-9.0.111/webapps/fac] has finished in [11] ms
28-Oct-2025 13:22:00.593 INFO [Catalina-utility-1] org.apache.catalina.startup.HostConfig.undeploy Undeploying context [/fac]
28-Oct-2025 13:22:00.598 INFO [Catalina-utility-1] org.apache.catalina.startup.HostConfig.deployDirectory Deploying web application directory [/home/mvsr/cse199/servlets/apache-tomcat-9.0.111/webapps/fact]
28-Oct-2025 13:22:00.606 INFO [Catalina-utility-1] org.apache.catalina.startup.HostConfig.deployDirectory Deployment of web application directory [/home/mvsr/cse199/servlets/apache-tomcat-9.0.111/webapps/fact] has finished in [8] ms
28-Oct-2025 13:26:50.628 INFO [Catalina-utility-2] org.apache.catalina.startup.HostConfig.reload Reloading context [/ex]
28-Oct-2025 13:26:50.628 INFO [Catalina-utility-2] org.apache.catalina.core.StandardContext.reload Reloading Context with name [/ex] has started
28-Oct-2025 13:26:50.643 INFO [Catalina-utility-2] org.apache.catalina.core.StandardContext.reload Reloading Context with name [/ex] is completed
28-Oct-2025 13:28:50.653 INFO [Catalina-utility-2] org.apache.catalina.startup.HostConfig.reload Reloading context [/fact]
28-Oct-2025 13:28:50.653 INFO [Catalina-utility-2] org.apache.catalina.core.StandardContext.reload Reloading Context with name [/fact] has started
28-Oct-2025 13:28:50.663 INFO [Catalina-utility-2] org.apache.catalina.core.StandardContext.reload Reloading Context with name [/fact] is completed
28-Oct-2025 13:32:40.681 INFO [Catalina-utility-1] org.apache.catalina.startup.HostConfig.reload Reloading context [/fact]
28-Oct-2025 13:32:40.681 INFO [Catalina-utility-1] org.apache.catalina.core.StandardContext.reload Reloading Context with name [/fact] has started
28-Oct-2025 13:32:40.693 INFO [Catalina-utility-1] org.apache.catalina.core.StandardContext.reload Reloading Context with name [/fact] is completed
28-Oct-2025 13:33:00.695 INFO [Catalina-utility-1] org.apache.catalina.startup.HostConfig.reload Reloading context [/fact]
28-Oct-2025 13:33:00.695 INFO [Catalina-utility-1] org.apache.catalina.core.StandardContext.reload Reloading Context with name [/fact] has started
28-Oct-2025 13:33:00.705 INFO [Catalina-utility-1] org.apache.catalina.core.StandardContext.reload Reloading Context with name [/fact] is completed
28-Oct-2025 13:36:30.722 INFO [Catalina-utility-1] org.apache.catalina.startup.HostConfig.reload Reloading context [/fact]
28-Oct-2025 13:36:30.722 INFO [Catalina-utility-1] org.apache.catalina.core.StandardContext.reload Reloading Context with name [/fact] has started
28-Oct-2025 13:36:30.730 INFO [Catalina-utility-1] org.apache.catalina.core.StandardContext.reload Reloading Context with name [/fact] is completed
