21-Nov-2025 09:52:40.373 INFO [main] org.apache.catalina.core.ApplicationContext.log ContextListener: contextInitialized()
21-Nov-2025 09:52:40.373 INFO [main] org.apache.catalina.core.ApplicationContext.log SessionListener: contextInitialized()
21-Nov-2025 09:52:40.374 INFO [main] org.apache.catalina.core.ApplicationContext.log ContextListener: attributeAdded('StockTicker', 'async.Stockticker@7ee8290b')
21-Nov-2025 10:24:02.839 SEVERE [http-nio-8080-exec-10] org.apache.catalina.core.StandardWrapperValve.invoke Servlet.service() for servlet [jsp] in context with path [/jspex] threw exception [An exception occurred processing [/Hotel.jsp] at line [11]

8: String boarding = request.getParameter("boarding");
9: 
10: int guests = guestsStr != null ? Integer.parseInt(guestsStr) : 0;
11: int days = daysStr != null ? Integer.parseInt(daysStr) : 0;
12: int pricePerDay = 0;
13: if (roomType != null) {
14:     if (roomType.equals("Economy")) pricePerDay = 1500;


Stacktrace:] with root cause
	java.lang.NumberFormatException: For input string: ""
		at java.lang.NumberFormatException.forInputString(NumberFormatException.java:65)
		at java.lang.Integer.parseInt(Integer.java:592)
		at java.lang.Integer.parseInt(Integer.java:615)
		at org.apache.jsp.Hotel_jsp._jspService(Hotel_jsp.java:128)
		at org.apache.jasper.runtime.HttpJspBase.service(HttpJspBase.java:62)
		at javax.servlet.http.HttpServlet.service(HttpServlet.java:623)
		at org.apache.jasper.servlet.JspServletWrapper.service(JspServletWrapper.java:438)
		at org.apache.jasper.servlet.JspServlet.serviceJspFile(JspServlet.java:349)
		at org.apache.jasper.servlet.JspServlet.service(JspServlet.java:300)
		at javax.servlet.http.HttpServlet.service(HttpServlet.java:623)
		at org.apache.catalina.core.ApplicationFilterChain.internalDoFilter(ApplicationFilterChain.java:197)
		at org.apache.catalina.core.ApplicationFilterChain.doFilter(ApplicationFilterChain.java:142)
		at org.apache.tomcat.websocket.server.WsFilter.doFilter(WsFilter.java:51)
		at org.apache.catalina.core.ApplicationFilterChain.internalDoFilter(ApplicationFilterChain.java:166)
		at org.apache.catalina.core.ApplicationFilterChain.doFilter(ApplicationFilterChain.java:142)
		at org.apache.catalina.core.StandardWrapperValve.invoke(StandardWrapperValve.java:166)
		at org.apache.catalina.core.StandardContextValve.invoke(StandardContextValve.java:88)
		at org.apache.catalina.authenticator.AuthenticatorBase.invoke(AuthenticatorBase.java:481)
		at org.apache.catalina.core.StandardHostValve.invoke(StandardHostValve.java:127)
		at org.apache.catalina.valves.ErrorReportValve.invoke(ErrorReportValve.java:83)
		at org.apache.catalina.valves.AbstractAccessLogValve.invoke(AbstractAccessLogValve.java:643)
		at org.apache.catalina.core.StandardEngineValve.invoke(StandardEngineValve.java:72)
		at org.apache.catalina.connector.CoyoteAdapter.service(CoyoteAdapter.java:344)
		at org.apache.coyote.http11.Http11Processor.service(Http11Processor.java:398)
		at org.apache.coyote.AbstractProcessorLight.process(AbstractProcessorLight.java:63)
		at org.apache.coyote.AbstractProtocol$ConnectionHandler.process(AbstractProtocol.java:935)
		at org.apache.tomcat.util.net.NioEndpoint$SocketProcessor.doRun(NioEndpoint.java:1831)
		at org.apache.tomcat.util.net.SocketProcessorBase.run(SocketProcessorBase.java:52)
		at org.apache.tomcat.util.threads.ThreadPoolExecutor.runWorker(ThreadPoolExecutor.java:973)
		at org.apache.tomcat.util.threads.ThreadPoolExecutor$Worker.run(ThreadPoolExecutor.java:491)
		at org.apache.tomcat.util.threads.TaskThread$WrappingRunnable.run(TaskThread.java:63)
		at java.lang.Thread.run(Thread.java:750)
21-Nov-2025 10:39:09.423 INFO [main] org.apache.catalina.core.ApplicationContext.log SessionListener: contextDestroyed()
21-Nov-2025 10:39:09.423 INFO [main] org.apache.catalina.core.ApplicationContext.log ContextListener: contextDestroyed()
21-Nov-2025 11:27:39.438 INFO [main] org.apache.catalina.core.ApplicationContext.log ContextListener: contextInitialized()
21-Nov-2025 11:27:39.438 INFO [main] org.apache.catalina.core.ApplicationContext.log SessionListener: contextInitialized()
21-Nov-2025 11:27:39.439 INFO [main] org.apache.catalina.core.ApplicationContext.log ContextListener: attributeAdded('StockTicker', 'async.Stockticker@291caca8')
21-Nov-2025 11:27:39.525 INFO [main] org.apache.catalina.core.ApplicationContext.log SessionListener: contextDestroyed()
21-Nov-2025 11:27:39.525 INFO [main] org.apache.catalina.core.ApplicationContext.log ContextListener: contextDestroyed()
21-Nov-2025 11:28:29.771 INFO [main] org.apache.catalina.core.ApplicationContext.log ContextListener: contextInitialized()
21-Nov-2025 11:28:29.771 INFO [main] org.apache.catalina.core.ApplicationContext.log SessionListener: contextInitialized()
21-Nov-2025 11:28:29.772 INFO [main] org.apache.catalina.core.ApplicationContext.log ContextListener: attributeAdded('StockTicker', 'async.Stockticker@7ee8290b')
21-Nov-2025 11:28:55.035 SEVERE [http-nio-8080-exec-6] org.apache.catalina.core.StandardWrapperValve.invoke Servlet.service() for servlet [jsp] in context with path [/jspex] threw exception [/Process.jsp (line: [1], column: [1]) The value for the useBean class attribute [ex.Product] is invalid.] with root cause
	org.apache.jasper.JasperException: /Process.jsp (line: [1], column: [1]) The value for the useBean class attribute [ex.Product] is invalid.
		at org.apache.jasper.compiler.DefaultErrorHandler.jspError(DefaultErrorHandler.java:29)
		at org.apache.jasper.compiler.ErrorDispatcher.dispatch(ErrorDispatcher.java:265)
		at org.apache.jasper.compiler.ErrorDispatcher.jspError(ErrorDispatcher.java:102)
		at org.apache.jasper.compiler.Generator$GenerateVisitor.visit(Generator.java:1340)
		at org.apache.jasper.compiler.Node$UseBean.accept(Node.java:1091)
		at org.apache.jasper.compiler.Node$Nodes.visit(Node.java:2235)
		at org.apache.jasper.compiler.Node$Visitor.visitBody(Node.java:2291)
		at org.apache.jasper.compiler.Node$Visitor.visit(Node.java:2297)
		at org.apache.jasper.compiler.Node$Root.accept(Node.java:430)
		at org.apache.jasper.compiler.Node$Nodes.visit(Node.java:2235)
		at org.apache.jasper.compiler.Generator.generate(Generator.java:3664)
		at org.apache.jasper.compiler.Compiler.generateJava(Compiler.java:236)
		at org.apache.jasper.compiler.Compiler.compile(Compiler.java:359)
		at org.apache.jasper.compiler.Compiler.compile(Compiler.java:337)
		at org.apache.jasper.compiler.Compiler.compile(Compiler.java:323)
		at org.apache.jasper.JspCompilationContext.compile(JspCompilationContext.java:585)
		at org.apache.jasper.servlet.JspServletWrapper.service(JspServletWrapper.java:371)
		at org.apache.jasper.servlet.JspServlet.serviceJspFile(JspServlet.java:349)
		at org.apache.jasper.servlet.JspServlet.service(JspServlet.java:300)
		at javax.servlet.http.HttpServlet.service(HttpServlet.java:623)
		at org.apache.catalina.core.ApplicationFilterChain.internalDoFilter(ApplicationFilterChain.java:197)
		at org.apache.catalina.core.ApplicationFilterChain.doFilter(ApplicationFilterChain.java:142)
		at org.apache.tomcat.websocket.server.WsFilter.doFilter(WsFilter.java:51)
		at org.apache.catalina.core.ApplicationFilterChain.internalDoFilter(ApplicationFilterChain.java:166)
		at org.apache.catalina.core.ApplicationFilterChain.doFilter(ApplicationFilterChain.java:142)
		at org.apache.catalina.core.StandardWrapperValve.invoke(StandardWrapperValve.java:166)
		at org.apache.catalina.core.StandardContextValve.invoke(StandardContextValve.java:88)
		at org.apache.catalina.authenticator.AuthenticatorBase.invoke(AuthenticatorBase.java:481)
		at org.apache.catalina.core.StandardHostValve.invoke(StandardHostValve.java:127)
		at org.apache.catalina.valves.ErrorReportValve.invoke(ErrorReportValve.java:83)
		at org.apache.catalina.valves.AbstractAccessLogValve.invoke(AbstractAccessLogValve.java:643)
		at org.apache.catalina.core.StandardEngineValve.invoke(StandardEngineValve.java:72)
		at org.apache.catalina.connector.CoyoteAdapter.service(CoyoteAdapter.java:344)
		at org.apache.coyote.http11.Http11Processor.service(Http11Processor.java:398)
		at org.apache.coyote.AbstractProcessorLight.process(AbstractProcessorLight.java:63)
		at org.apache.coyote.AbstractProtocol$ConnectionHandler.process(AbstractProtocol.java:935)
		at org.apache.tomcat.util.net.NioEndpoint$SocketProcessor.doRun(NioEndpoint.java:1831)
		at org.apache.tomcat.util.net.SocketProcessorBase.run(SocketProcessorBase.java:52)
		at org.apache.tomcat.util.threads.ThreadPoolExecutor.runWorker(ThreadPoolExecutor.java:973)
		at org.apache.tomcat.util.threads.ThreadPoolExecutor$Worker.run(ThreadPoolExecutor.java:491)
		at org.apache.tomcat.util.threads.TaskThread$WrappingRunnable.run(TaskThread.java:63)
		at java.lang.Thread.run(Thread.java:750)
